1594 recipes scraped
1595 recipes scraped
1596 recipes scraped
1597 recipes scraped
1598 recipes scraped
1599 recipes scraped
1600 recipes scraped
1601 recipes scraped
1602 recipes scraped
1603 recipes scraped
1604 recipes scraped
1605 recipes scraped
1606 recipes scraped
1607 recipes scraped
1608 recipes scraped
1609 recipes scraped
1610 recipes scraped
1611 recipes scraped
1612 recipes scraped
1613 recipes scraped
1614 recipes scraped
1615 recipes scraped
1616 recipes scraped
1617 recipes scraped
1618 recipes scraped
1619 recipes scraped
1620 recipes scraped
1621 recipes scraped
1622 recipes scraped
1623 recipes scraped
1624 recipes scraped
1625 recipes scraped
1626 recipes scraped
1627 recipes scraped
1628 recipes scraped
1629 recipes scraped
1630 recipes scraped
1631 recipes scraped
1632 recipes scraped
1633 recipes scraped
1634 recipes scraped
1635 recipes scraped
1636 recipes scraped
1637 recipes scraped
1638 recipes scraped
1639 recipes scraped
1640 recipes scraped
1641 recipes scraped
1642 recipes scraped
1643 recipes scraped
1644 recipes scraped
1645 recipes scraped
1646 recipes scraped
1647 recipes scraped
1648 recipes scraped
1649 recipes scraped
1650 recipes scraped
1651 recipes scraped
1652 recipes scraped
1653 recipes scraped
1654 recipes scraped
1655 recipes scraped
1656 recipes scraped
1657 recipes scraped
1658 recipes scraped
1659 recipes scraped
1660 recipes scraped
1661 recipes scraped
1662 recipes scraped
1663 recipes scraped
1664 recipes scraped
1665 recipes scraped
1666 recipes scraped
1667 recipes scraped
1668 recipes scraped
1669 recipes scraped
1670 recipes scraped
1671 recipes scraped
1672 recipes scraped
1673 recipes scraped
1674 recipes scraped
1675 recipes scraped
1676 recipes scraped
1677 recipes scraped
1678 recipes scraped
1679 recipes scraped
1680 recipes scraped
1681 recipes scraped
1682 recipes scraped
1683 recipes scraped
1684 recipes scraped
1685 recipes scraped
1686 recipes scraped
1687 recipes scraped
1688 recipes scraped
1689 recipes scraped
1690 recipes scraped
1691 recipes scraped
1692 recipes scraped
1693 recipes scraped
1694 recipes scraped
1695 recipes scraped
1696 recipes scraped
1697 recipes scraped
1698 recipes scraped
1699 recipes scraped
1700 recipes scraped
1701 recipes scraped
1702 recipes scraped
1703 recipes scraped
1704 recipes scraped
1705 recipes scraped
1706 recipes scraped
1707 recipes scraped
1708 recipes scraped
1709 recipes scraped
1710 recipes scraped
1711 recipes scraped
1712 recipes scraped
1713 recipes scraped
1714 recipes scraped
1715 recipes scraped
1716 recipes scraped
1717 recipes scraped
1718 recipes scraped
1719 recipes scraped
1720 recipes scraped
1721 recipes scraped
1722 recipes scraped
1723 recipes scraped
1724 recipes scraped
1725 recipes scraped
1726 recipes scraped
1727 recipes scraped
1728 recipes scraped
1729 recipes scraped
1730 recipes scraped
1731 recipes scraped
1732 recipes scraped
1733 recipes scraped
1734 recipes scraped
1735 recipes scraped
1736 recipes scraped
1737 recipes scraped
1738 recipes scraped
1739 recipes scraped
1740 recipes scraped
1741 recipes scraped
1742 recipes scraped
1743 recipes scraped
1744 recipes scraped
1745 recipes scraped
1746 recipes scraped
1747 recipes scraped
1748 recipes scraped
1749 recipes scraped
1750 recipes scraped
1751 recipes scraped
1752 recipes scraped
1753 recipes scraped
1754 recipes scraped
1755 recipes scraped
1756 recipes scraped
1757 recipes scraped
1758 recipes scraped
1759 recipes scraped
1760 recipes scraped
1761 recipes scraped
1762 recipes scraped
1763 recipes scraped
1764 recipes scraped
1765 recipes scraped
1766 recipes scraped
1767 recipes scraped
1768 recipes scraped
1769 recipes scraped
1770 recipes scraped
1771 recipes scraped
1772 recipes scraped
1773 recipes scraped
1774 recipes scraped
1775 recipes scraped
1776 recipes scraped
1777 recipes scraped
1778 recipes scraped
1779 recipes scraped
1780 recipes scraped
1781 recipes scraped
1782 recipes scraped
1783 recipes scraped
1784 recipes scraped
1785 recipes scraped
1786 recipes scraped
1787 recipes scraped
1788 recipes scraped
1789 recipes scraped
1790 recipes scraped
1791 recipes scraped
1792 recipes scraped
1793 recipes scraped
1794 recipes scraped
1795 recipes scraped
1796 recipes scraped
1797 recipes scraped
1798 recipes scraped
1799 recipes scraped
1800 recipes scraped
1801 recipes scraped
1802 recipes scraped
1803 recipes scraped
1804 recipes scraped
1805 recipes scraped
1806 recipes scraped
1807 recipes scraped
1808 recipes scraped
1809 recipes scraped
1810 recipes scraped
1811 recipes scraped
1812 recipes scraped
1813 recipes scraped
1814 recipes scraped
1815 recipes scraped
1816 recipes scraped
1817 recipes scraped
1818 recipes scraped
1819 recipes scraped
1820 recipes scraped
1821 recipes scraped
1822 recipes scraped
1823 recipes scraped
1824 recipes scraped
1825 recipes scraped
1826 recipes scraped
1827 recipes scraped
1828 recipes scraped
1829 recipes scraped
1830 recipes scraped
1831 recipes scraped
1832 recipes scraped
1833 recipes scraped
1834 recipes scraped
1835 recipes scraped
1836 recipes scraped
1837 recipes scraped
1838 recipes scraped
1839 recipes scraped
1840 recipes scraped
1841 recipes scraped
1842 recipes scraped
1843 recipes scraped
1844 recipes scraped
1845 recipes scraped
1846 recipes scraped
1847 recipes scraped
1848 recipes scraped
1849 recipes scraped
1850 recipes scraped
1851 recipes scraped
1852 recipes scraped
1853 recipes scraped
1854 recipes scraped
1855 recipes scraped
1856 recipes scraped
1857 recipes scraped
1858 recipes scraped
1859 recipes scraped
1860 recipes scraped
1861 recipes scraped
1862 recipes scraped
1863 recipes scraped
1864 recipes scraped
1865 recipes scraped
1866 recipes scraped
1867 recipes scraped
1868 recipes scraped
1869 recipes scraped
1870 recipes scraped
1871 recipes scraped
1872 recipes scraped
1873 recipes scraped
1874 recipes scraped
1875 recipes scraped
1876 recipes scraped
1877 recipes scraped
1878 recipes scraped
1879 recipes scraped
1880 recipes scraped
1881 recipes scraped
1882 recipes scraped
1883 recipes scraped
1884 recipes scraped
1885 recipes scraped
1886 recipes scraped
1887 recipes scraped
1888 recipes scraped
1889 recipes scraped
1890 recipes scraped
1891 recipes scraped
1892 recipes scraped
1893 recipes scraped
1894 recipes scraped
1895 recipes scraped
1896 recipes scraped
1897 recipes scraped
1898 recipes scraped
1899 recipes scraped
1900 recipes scraped
1901 recipes scraped
1902 recipes scraped
1903 recipes scraped
1904 recipes scraped
1905 recipes scraped
1906 recipes scraped
1907 recipes scraped
1908 recipes scraped
1909 recipes scraped
1910 recipes scraped
1911 recipes scraped
1912 recipes scraped
1913 recipes scraped
1914 recipes scraped
1915 recipes scraped
1916 recipes scraped
1917 recipes scraped
1918 recipes scraped
1919 recipes scraped
1920 recipes scraped
1921 recipes scraped
1922 recipes scraped
1923 recipes scraped
1924 recipes scraped
1925 recipes scraped
1926 recipes scraped
1927 recipes scraped
1928 recipes scraped
1929 recipes scraped
1930 recipes scraped
1931 recipes scraped
1932 recipes scraped
1933 recipes scraped
1934 recipes scraped
1935 recipes scraped
1936 recipes scraped
1937 recipes scraped
1938 recipes scraped
1939 recipes scraped
1940 recipes scraped
1941 recipes scraped
1942 recipes scraped
1943 recipes scraped
1944 recipes scraped
1945 recipes scraped
1946 recipes scraped
1947 recipes scraped
1948 recipes scraped
1949 recipes scraped
1950 recipes scraped
1951 recipes scraped
1952 recipes scraped
1953 recipes scraped
1954 recipes scraped
1955 recipes scraped
1956 recipes scraped
1957 recipes scraped
1958 recipes scraped
1959 recipes scraped
1960 recipes scraped
1961 recipes scraped
1962 recipes scraped
1963 recipes scraped
1964 recipes scraped
1965 recipes scraped
1966 recipes scraped
1967 recipes scraped
1968 recipes scraped
1969 recipes scraped
1970 recipes scraped
1971 recipes scraped
1972 recipes scraped
1973 recipes scraped
1974 recipes scraped
1975 recipes scraped
1976 recipes scraped
1977 recipes scraped
1978 recipes scraped
1979 recipes scraped
1980 recipes scraped
1981 recipes scraped
1982 recipes scraped
1983 recipes scraped
1984 recipes scraped
1985 recipes scraped
1986 recipes scraped
1987 recipes scraped
1988 recipes scraped
1989 recipes scraped
1990 recipes scraped
1991 recipes scraped
1992 recipes scraped
1993 recipes scraped
1994 recipes scraped
1995 recipes scraped
1996 recipes scraped
1997 recipes scraped
1998 recipes scraped
1999 recipes scraped
2000 recipes scraped
2001 recipes scraped
2002 recipes scraped
2003 recipes scraped
2004 recipes scraped
2005 recipes scraped
2006 recipes scraped
2007 recipes scraped
2008 recipes scraped
2009 recipes scraped
2010 recipes scraped
2011 recipes scraped
2012 recipes scraped
2013 recipes scraped
2014 recipes scraped
2015 recipes scraped
2016 recipes scraped
2017 recipes scraped
2018 recipes scraped
2019 recipes scraped
2020 recipes scraped
2021 recipes scraped
2022 recipes scraped
2023 recipes scraped
2024 recipes scraped
2025 recipes scraped
2026 recipes scraped
2027 recipes scraped
2028 recipes scraped
2029 recipes scraped
2030 recipes scraped
2031 recipes scraped
2032 recipes scraped
2033 recipes scraped
2034 recipes scraped
2035 recipes scraped
2036 recipes scraped
2037 recipes scraped
2038 recipes scraped
2039 recipes scraped
2040 recipes scraped
2041 recipes scraped
2042 recipes scraped
2043 recipes scraped
2044 recipes scraped
2045 recipes scraped
2046 recipes scraped
2047 recipes scraped
2048 recipes scraped
2049 recipes scraped
2050 recipes scraped
2051 recipes scraped
2052 recipes scraped
2053 recipes scraped
2054 recipes scraped
2055 recipes scraped
2056 recipes scraped
2057 recipes scraped
2058 recipes scraped
2059 recipes scraped
2060 recipes scraped
2061 recipes scraped
2062 recipes scraped
2063 recipes scraped
2064 recipes scraped
2065 recipes scraped
2066 recipes scraped
2067 recipes scraped
2068 recipes scraped
2069 recipes scraped
2070 recipes scraped
2071 recipes scraped
2072 recipes scraped
2073 recipes scraped
2074 recipes scraped
2075 recipes scraped
2076 recipes scraped
2077 recipes scraped
2078 recipes scraped
2079 recipes scraped
2080 recipes scraped
2081 recipes scraped
2082 recipes scraped
2083 recipes scraped
2084 recipes scraped
2085 recipes scraped
2086 recipes scraped
2087 recipes scraped
2088 recipes scraped
2089 recipes scraped
2090 recipes scraped
2091 recipes scraped
2092 recipes scraped
2093 recipes scraped
2094 recipes scraped
2095 recipes scraped
2096 recipes scraped
2097 recipes scraped
2098 recipes scraped
2099 recipes scraped
2100 recipes scraped
2101 recipes scraped
2102 recipes scraped
2103 recipes scraped
2104 recipes scraped
2105 recipes scraped
2106 recipes scraped
2107 recipes scraped
2108 recipes scraped
2109 recipes scraped
2110 recipes scraped
2111 recipes scraped
2112 recipes scraped
2113 recipes scraped
2114 recipes scraped
2115 recipes scraped
2116 recipes scraped
2117 recipes scraped
2118 recipes scraped
2119 recipes scraped
2120 recipes scraped
2121 recipes scraped
2122 recipes scraped
2123 recipes scraped
2124 recipes scraped
2125 recipes scraped
2126 recipes scraped
2127 recipes scraped
2128 recipes scraped
2129 recipes scraped
2130 recipes scraped
2131 recipes scraped
2132 recipes scraped
2133 recipes scraped
2134 recipes scraped
2135 recipes scraped
2136 recipes scraped
2137 recipes scraped
2138 recipes scraped
2139 recipes scraped
2140 recipes scraped
2141 recipes scraped
2142 recipes scraped
2143 recipes scraped
2144 recipes scraped
2145 recipes scraped
2146 recipes scraped
2147 recipes scraped
2148 recipes scraped
2149 recipes scraped
2150 recipes scraped
2151 recipes scraped
2152 recipes scraped
2153 recipes scraped
2154 recipes scraped
2155 recipes scraped
2156 recipes scraped
2157 recipes scraped
2158 recipes scraped
2159 recipes scraped
2160 recipes scraped
2161 recipes scraped
2162 recipes scraped
2163 recipes scraped
2164 recipes scraped
2165 recipes scraped
2166 recipes scraped
2167 recipes scraped
2168 recipes scraped
2169 recipes scraped
2170 recipes scraped
2171 recipes scraped
2172 recipes scraped
2173 recipes scraped
2174 recipes scraped
2175 recipes scraped
2176 recipes scraped
2177 recipes scraped
2178 recipes scraped
2179 recipes scraped
2180 recipes scraped
2181 recipes scraped
2182 recipes scraped
2183 recipes scraped
2184 recipes scraped
2185 recipes scraped
2186 recipes scraped
2187 recipes scraped
2188 recipes scraped
2189 recipes scraped
2190 recipes scraped
2191 recipes scraped
2192 recipes scraped
2193 recipes scraped
2194 recipes scraped
2195 recipes scraped
2196 recipes scraped
2197 recipes scraped
2198 recipes scraped
2199 recipes scraped
2200 recipes scraped
2201 recipes scraped
2202 recipes scraped
2203 recipes scraped
2204 recipes scraped
2205 recipes scraped
2206 recipes scraped
2207 recipes scraped
2208 recipes scraped
2209 recipes scraped
2210 recipes scraped
2211 recipes scraped
2212 recipes scraped
2213 recipes scraped
2214 recipes scraped
2215 recipes scraped
2216 recipes scraped
2217 recipes scraped
2218 recipes scraped
2219 recipes scraped
2220 recipes scraped
2221 recipes scraped
2222 recipes scraped
2223 recipes scraped
2224 recipes scraped
2225 recipes scraped
2226 recipes scraped
2227 recipes scraped
2228 recipes scraped
2229 recipes scraped
2230 recipes scraped
2231 recipes scraped
2232 recipes scraped
2233 recipes scraped
2234 recipes scraped
2235 recipes scraped
2236 recipes scraped
2237 recipes scraped
2238 recipes scraped
2239 recipes scraped
2240 recipes scraped
2241 recipes scraped
2242 recipes scraped
2243 recipes scraped
2244 recipes scraped
2245 recipes scraped
2246 recipes scraped
2247 recipes scraped
2248 recipes scraped
2249 recipes scraped
2250 recipes scraped
2251 recipes scraped
2252 recipes scraped
2253 recipes scraped
2254 recipes scraped
2255 recipes scraped
2256 recipes scraped
2257 recipes scraped
2258 recipes scraped
2259 recipes scraped
2260 recipes scraped
2261 recipes scraped
2262 recipes scraped
2263 recipes scraped
2264 recipes scraped
2265 recipes scraped
2266 recipes scraped
2267 recipes scraped
2268 recipes scraped
2269 recipes scraped
2270 recipes scraped
2271 recipes scraped
2272 recipes scraped
2273 recipes scraped
2274 recipes scraped
2275 recipes scraped
2276 recipes scraped
2277 recipes scraped
2278 recipes scraped
2279 recipes scraped
2280 recipes scraped
2281 recipes scraped
2282 recipes scraped
2283 recipes scraped
2284 recipes scraped
2285 recipes scraped
2286 recipes scraped
2287 recipes scraped
2288 recipes scraped
2289 recipes scraped
2290 recipes scraped
2291 recipes scraped
2292 recipes scraped
2293 recipes scraped
2294 recipes scraped
2295 recipes scraped
2296 recipes scraped
2297 recipes scraped
2298 recipes scraped
2299 recipes scraped
2300 recipes scraped
2301 recipes scraped
2302 recipes scraped
2303 recipes scraped
2304 recipes scraped
2305 recipes scraped
2306 recipes scraped
2307 recipes scraped
2308 recipes scraped
2309 recipes scraped
2310 recipes scraped
2311 recipes scraped
2312 recipes scraped
2313 recipes scraped
2314 recipes scraped
2315 recipes scraped
2316 recipes scraped
2317 recipes scraped
2318 recipes scraped
2319 recipes scraped
2320 recipes scraped
2321 recipes scraped
2322 recipes scraped
2323 recipes scraped
2324 recipes scraped
2325 recipes scraped
2326 recipes scraped
2327 recipes scraped
2328 recipes scraped
2329 recipes scraped
2330 recipes scraped
2331 recipes scraped
2332 recipes scraped
2333 recipes scraped
2334 recipes scraped
2335 recipes scraped
2336 recipes scraped
2337 recipes scraped
Recipe already scraped.
2338 recipes scraped
2339 recipes scraped
2340 recipes scraped
2341 recipes scraped
2342 recipes scraped
2343 recipes scraped
2344 recipes scraped
2345 recipes scraped
2346 recipes scraped
2347 recipes scraped
2348 recipes scraped
2349 recipes scraped
2350 recipes scraped
2351 recipes scraped
2352 recipes scraped
2353 recipes scraped
2354 recipes scraped
2355 recipes scraped
2356 recipes scraped
2357 recipes scraped
2358 recipes scraped
2359 recipes scraped
2360 recipes scraped
2361 recipes scraped
2362 recipes scraped
2363 recipes scraped
2364 recipes scraped
2365 recipes scraped
2366 recipes scraped
2367 recipes scraped
2368 recipes scraped
2369 recipes scraped
2370 recipes scraped
2371 recipes scraped
2372 recipes scraped
2373 recipes scraped
2374 recipes scraped
2375 recipes scraped
2376 recipes scraped
2377 recipes scraped
2378 recipes scraped
2379 recipes scraped
2380 recipes scraped
2381 recipes scraped
2382 recipes scraped
2383 recipes scraped
2384 recipes scraped
2385 recipes scraped
2386 recipes scraped
2387 recipes scraped
2388 recipes scraped
2389 recipes scraped
2390 recipes scraped
2391 recipes scraped
2392 recipes scraped
2393 recipes scraped
2394 recipes scraped
2395 recipes scraped
2396 recipes scraped
2397 recipes scraped
2398 recipes scraped
2399 recipes scraped
2400 recipes scraped
2401 recipes scraped
2402 recipes scraped
2403 recipes scraped
2404 recipes scraped
2405 recipes scraped
2406 recipes scraped
2407 recipes scraped
2408 recipes scraped
2409 recipes scraped
2410 recipes scraped
2411 recipes scraped
2412 recipes scraped
2413 recipes scraped
2414 recipes scraped
2415 recipes scraped
2416 recipes scraped
2417 recipes scraped
2418 recipes scraped
2419 recipes scraped
2420 recipes scraped
2421 recipes scraped
2422 recipes scraped
2423 recipes scraped
2424 recipes scraped
2425 recipes scraped
2426 recipes scraped
2427 recipes scraped
2428 recipes scraped
2429 recipes scraped
2430 recipes scraped
2431 recipes scraped
2432 recipes scraped
2433 recipes scraped
2434 recipes scraped
2435 recipes scraped
2436 recipes scraped
2437 recipes scraped
2438 recipes scraped
2439 recipes scraped
Recipe already scraped.
2440 recipes scraped
2441 recipes scraped
2442 recipes scraped
2443 recipes scraped
2444 recipes scraped
2445 recipes scraped
2446 recipes scraped
2447 recipes scraped
2448 recipes scraped
2449 recipes scraped
2450 recipes scraped
2451 recipes scraped
2452 recipes scraped
2453 recipes scraped
2454 recipes scraped
2455 recipes scraped
2456 recipes scraped
2457 recipes scraped
2458 recipes scraped
2459 recipes scraped
2460 recipes scraped
2461 recipes scraped
2462 recipes scraped
2463 recipes scraped
2464 recipes scraped
2465 recipes scraped
2466 recipes scraped
2467 recipes scraped
2468 recipes scraped
2469 recipes scraped
2470 recipes scraped
2471 recipes scraped
2472 recipes scraped
2473 recipes scraped
2474 recipes scraped
2475 recipes scraped
2476 recipes scraped
2477 recipes scraped
2478 recipes scraped
2479 recipes scraped
2480 recipes scraped
2481 recipes scraped
2482 recipes scraped
2483 recipes scraped
2484 recipes scraped
2485 recipes scraped
2486 recipes scraped
2487 recipes scraped
2488 recipes scraped
2489 recipes scraped
2490 recipes scraped
2491 recipes scraped
2492 recipes scraped
2493 recipes scraped
2494 recipes scraped
2495 recipes scraped
2496 recipes scraped
2497 recipes scraped
2498 recipes scraped
2499 recipes scraped
2500 recipes scraped
2501 recipes scraped
2502 recipes scraped
2503 recipes scraped
2504 recipes scraped
2505 recipes scraped
2506 recipes scraped
2507 recipes scraped
2508 recipes scraped
2509 recipes scraped
2510 recipes scraped
2511 recipes scraped
2512 recipes scraped
2513 recipes scraped
2514 recipes scraped
2515 recipes scraped
2516 recipes scraped
2517 recipes scraped
2518 recipes scraped
2519 recipes scraped
2520 recipes scraped
2521 recipes scraped
2522 recipes scraped
2523 recipes scraped
2524 recipes scraped
2525 recipes scraped
2526 recipes scraped
2527 recipes scraped
2528 recipes scraped
2529 recipes scraped
2530 recipes scraped
2531 recipes scraped
2532 recipes scraped
2533 recipes scraped
2534 recipes scraped
2535 recipes scraped
2536 recipes scraped
2537 recipes scraped
2538 recipes scraped
2539 recipes scraped
2540 recipes scraped
2541 recipes scraped
2542 recipes scraped
2543 recipes scraped
2544 recipes scraped
2545 recipes scraped
2546 recipes scraped
2547 recipes scraped
2548 recipes scraped
2549 recipes scraped
2550 recipes scraped
2551 recipes scraped
2552 recipes scraped
2553 recipes scraped
2554 recipes scraped
2555 recipes scraped
2556 recipes scraped
2557 recipes scraped
2558 recipes scraped
2559 recipes scraped
2560 recipes scraped
2561 recipes scraped
2562 recipes scraped
2563 recipes scraped
2564 recipes scraped
2565 recipes scraped
2566 recipes scraped
2567 recipes scraped
2568 recipes scraped
2569 recipes scraped
2570 recipes scraped
2571 recipes scraped
2572 recipes scraped
2573 recipes scraped
2574 recipes scraped
2575 recipes scraped
2576 recipes scraped
2577 recipes scraped
2578 recipes scraped
2579 recipes scraped
2580 recipes scraped
2581 recipes scraped
2582 recipes scraped
2583 recipes scraped
2584 recipes scraped
2585 recipes scraped
2586 recipes scraped
2587 recipes scraped
2588 recipes scraped
2589 recipes scraped
2590 recipes scraped
2591 recipes scraped
2592 recipes scraped
2593 recipes scraped
2594 recipes scraped
2595 recipes scraped
2596 recipes scraped
2597 recipes scraped
2598 recipes scraped
2599 recipes scraped
2600 recipes scraped
2601 recipes scraped
2602 recipes scraped
2603 recipes scraped
2604 recipes scraped
2605 recipes scraped
2606 recipes scraped
2607 recipes scraped
2608 recipes scraped
2609 recipes scraped
2610 recipes scraped
2611 recipes scraped
2612 recipes scraped
2613 recipes scraped
2614 recipes scraped
2615 recipes scraped
2616 recipes scraped
2617 recipes scraped
2618 recipes scraped
2619 recipes scraped
2620 recipes scraped
2621 recipes scraped
2622 recipes scraped
2623 recipes scraped
2624 recipes scraped
2625 recipes scraped
2626 recipes scraped
2627 recipes scraped
2628 recipes scraped
2629 recipes scraped
2630 recipes scraped
2631 recipes scraped
2632 recipes scraped
2633 recipes scraped
2634 recipes scraped
2635 recipes scraped
2636 recipes scraped
2637 recipes scraped
2638 recipes scraped
2639 recipes scraped
2640 recipes scraped
2641 recipes scraped
2642 recipes scraped
2643 recipes scraped
2644 recipes scraped
2645 recipes scraped
2646 recipes scraped
2647 recipes scraped
2648 recipes scraped
2649 recipes scraped
2650 recipes scraped
2651 recipes scraped
2652 recipes scraped
2653 recipes scraped
2654 recipes scraped
2655 recipes scraped
2656 recipes scraped
2657 recipes scraped
2658 recipes scraped
2659 recipes scraped
2660 recipes scraped
2661 recipes scraped
2662 recipes scraped
2663 recipes scraped
2664 recipes scraped
2665 recipes scraped
2666 recipes scraped
2667 recipes scraped
2668 recipes scraped
2669 recipes scraped
2670 recipes scraped
2671 recipes scraped
2672 recipes scraped
2673 recipes scraped
2674 recipes scraped
2675 recipes scraped
2676 recipes scraped
2677 recipes scraped
2678 recipes scraped
2679 recipes scraped
2680 recipes scraped
2681 recipes scraped
2682 recipes scraped
2683 recipes scraped
2684 recipes scraped
2685 recipes scraped
2686 recipes scraped
2687 recipes scraped
2688 recipes scraped
2689 recipes scraped
2690 recipes scraped
2691 recipes scraped
2692 recipes scraped
2693 recipes scraped
2694 recipes scraped
2695 recipes scraped
2696 recipes scraped
2697 recipes scraped
2698 recipes scraped
2699 recipes scraped
2700 recipes scraped
2701 recipes scraped
2702 recipes scraped
2703 recipes scraped
2704 recipes scraped
2705 recipes scraped
2706 recipes scraped
2707 recipes scraped
2708 recipes scraped
2709 recipes scraped
2710 recipes scraped
2711 recipes scraped
2712 recipes scraped
2713 recipes scraped
2714 recipes scraped
2715 recipes scraped
2716 recipes scraped
2717 recipes scraped
2718 recipes scraped
2719 recipes scraped
2720 recipes scraped
2721 recipes scraped
2722 recipes scraped
2723 recipes scraped
2724 recipes scraped
2725 recipes scraped
2726 recipes scraped
2727 recipes scraped
2728 recipes scraped
2729 recipes scraped
2730 recipes scraped
2731 recipes scraped
2732 recipes scraped
2733 recipes scraped
2734 recipes scraped
2735 recipes scraped
2736 recipes scraped
2737 recipes scraped
2738 recipes scraped
2739 recipes scraped
2740 recipes scraped
2741 recipes scraped
2742 recipes scraped
2743 recipes scraped
2744 recipes scraped
2745 recipes scraped
2746 recipes scraped
2747 recipes scraped
2748 recipes scraped
2749 recipes scraped
2750 recipes scraped
2751 recipes scraped
2752 recipes scraped
2753 recipes scraped
2754 recipes scraped
2755 recipes scraped
2756 recipes scraped
2757 recipes scraped
2758 recipes scraped
2759 recipes scraped
2760 recipes scraped
2761 recipes scraped
2762 recipes scraped
2763 recipes scraped
2764 recipes scraped
2765 recipes scraped
2766 recipes scraped
2767 recipes scraped
2768 recipes scraped
2769 recipes scraped
2770 recipes scraped
2771 recipes scraped
2772 recipes scraped
2773 recipes scraped
2774 recipes scraped
2775 recipes scraped
2776 recipes scraped
2777 recipes scraped
2778 recipes scraped
2779 recipes scraped
2780 recipes scraped
2781 recipes scraped
2782 recipes scraped
2783 recipes scraped
2784 recipes scraped
2785 recipes scraped
2786 recipes scraped
2787 recipes scraped
2788 recipes scraped
2789 recipes scraped
2790 recipes scraped
2791 recipes scraped
2792 recipes scraped
2793 recipes scraped
2794 recipes scraped
2795 recipes scraped
2796 recipes scraped
2797 recipes scraped
2798 recipes scraped
2799 recipes scraped
2800 recipes scraped
2801 recipes scraped
2802 recipes scraped
2803 recipes scraped
2804 recipes scraped
2805 recipes scraped
2806 recipes scraped
2807 recipes scraped
2808 recipes scraped
2809 recipes scraped
2810 recipes scraped
2811 recipes scraped
2812 recipes scraped
2813 recipes scraped
2814 recipes scraped
2815 recipes scraped
2816 recipes scraped
2817 recipes scraped
2818 recipes scraped
2819 recipes scraped
2820 recipes scraped
2821 recipes scraped
2822 recipes scraped
2823 recipes scraped
2824 recipes scraped
2825 recipes scraped
2826 recipes scraped
2827 recipes scraped
2828 recipes scraped
2829 recipes scraped
2830 recipes scraped
2831 recipes scraped
2832 recipes scraped
2833 recipes scraped
2834 recipes scraped
2835 recipes scraped
2836 recipes scraped
2837 recipes scraped
2838 recipes scraped
2839 recipes scraped
2840 recipes scraped
2841 recipes scraped
2842 recipes scraped
2843 recipes scraped
2844 recipes scraped
2845 recipes scraped
2846 recipes scraped
2847 recipes scraped
2848 recipes scraped
2849 recipes scraped
2850 recipes scraped
2851 recipes scraped
2852 recipes scraped
2853 recipes scraped
2854 recipes scraped
2855 recipes scraped
2856 recipes scraped
2857 recipes scraped
2858 recipes scraped
2859 recipes scraped
2860 recipes scraped
2861 recipes scraped
2862 recipes scraped
2863 recipes scraped
2864 recipes scraped
2865 recipes scraped
2866 recipes scraped
2867 recipes scraped
2868 recipes scraped
2869 recipes scraped
2870 recipes scraped
2871 recipes scraped
2872 recipes scraped
2873 recipes scraped
2874 recipes scraped
2875 recipes scraped
2876 recipes scraped
2877 recipes scraped
2878 recipes scraped
2879 recipes scraped
2880 recipes scraped
2881 recipes scraped
2882 recipes scraped
2883 recipes scraped
2884 recipes scraped
2885 recipes scraped
Recipe already scraped.
2886 recipes scraped
2887 recipes scraped
2888 recipes scraped
2889 recipes scraped
2890 recipes scraped
2891 recipes scraped
2892 recipes scraped
2893 recipes scraped
2894 recipes scraped
2895 recipes scraped
2896 recipes scraped
2897 recipes scraped
2898 recipes scraped
2899 recipes scraped
2900 recipes scraped
2901 recipes scraped
2902 recipes scraped
2903 recipes scraped
2904 recipes scraped
2905 recipes scraped
2906 recipes scraped
2907 recipes scraped
2908 recipes scraped
2909 recipes scraped
2910 recipes scraped
2911 recipes scraped
2912 recipes scraped
2913 recipes scraped
2914 recipes scraped
2915 recipes scraped
2916 recipes scraped
2917 recipes scraped
2918 recipes scraped
2919 recipes scraped
2920 recipes scraped
2921 recipes scraped
2922 recipes scraped
2923 recipes scraped
2924 recipes scraped
2925 recipes scraped
2926 recipes scraped
2927 recipes scraped
2928 recipes scraped
2929 recipes scraped
2930 recipes scraped
2931 recipes scraped
2932 recipes scraped
2933 recipes scraped
2934 recipes scraped
2935 recipes scraped
2936 recipes scraped
2937 recipes scraped
2938 recipes scraped
2939 recipes scraped
2940 recipes scraped
2941 recipes scraped
2942 recipes scraped
2943 recipes scraped
2944 recipes scraped
2945 recipes scraped
2946 recipes scraped
2947 recipes scraped
2948 recipes scraped
2949 recipes scraped
2950 recipes scraped
2951 recipes scraped
2952 recipes scraped
2953 recipes scraped
2954 recipes scraped
2955 recipes scraped
2956 recipes scraped
2957 recipes scraped
2958 recipes scraped
2959 recipes scraped
2960 recipes scraped
2961 recipes scraped
2962 recipes scraped
2963 recipes scraped
2964 recipes scraped
2965 recipes scraped
2966 recipes scraped
2967 recipes scraped
2968 recipes scraped
2969 recipes scraped
2970 recipes scraped
2971 recipes scraped
2972 recipes scraped
2973 recipes scraped
2974 recipes scraped
2975 recipes scraped
2976 recipes scraped
2977 recipes scraped
2978 recipes scraped
2979 recipes scraped
2980 recipes scraped
2981 recipes scraped
2982 recipes scraped
2983 recipes scraped
2984 recipes scraped
2985 recipes scraped
2986 recipes scraped
2987 recipes scraped
2988 recipes scraped
2989 recipes scraped
2990 recipes scraped
2991 recipes scraped
2992 recipes scraped
2993 recipes scraped
2994 recipes scraped
2995 recipes scraped
2996 recipes scraped
2997 recipes scraped
2998 recipes scraped
2999 recipes scraped
3000 recipes scraped
3001 recipes scraped
3002 recipes scraped
3003 recipes scraped
3004 recipes scraped
3005 recipes scraped
3006 recipes scraped
3007 recipes scraped
3008 recipes scraped
3009 recipes scraped
3010 recipes scraped
3011 recipes scraped
3012 recipes scraped
3013 recipes scraped
3014 recipes scraped
3015 recipes scraped
3016 recipes scraped
3017 recipes scraped
3018 recipes scraped
3019 recipes scraped
3020 recipes scraped
3021 recipes scraped
3022 recipes scraped
3023 recipes scraped
3024 recipes scraped
3025 recipes scraped
3026 recipes scraped
3027 recipes scraped
3028 recipes scraped
3029 recipes scraped
3030 recipes scraped
3031 recipes scraped
3032 recipes scraped
3033 recipes scraped
3034 recipes scraped
3035 recipes scraped
3036 recipes scraped
3037 recipes scraped
3038 recipes scraped
3039 recipes scraped
3040 recipes scraped
3041 recipes scraped
3042 recipes scraped
3043 recipes scraped
3044 recipes scraped
3045 recipes scraped
3046 recipes scraped
3047 recipes scraped
3048 recipes scraped
3049 recipes scraped
3050 recipes scraped
3051 recipes scraped
3052 recipes scraped
3053 recipes scraped
3054 recipes scraped
3055 recipes scraped
3056 recipes scraped
3057 recipes scraped
3058 recipes scraped
3059 recipes scraped
3060 recipes scraped
3061 recipes scraped
3062 recipes scraped
3063 recipes scraped
3064 recipes scraped
3065 recipes scraped
3066 recipes scraped
3067 recipes scraped
3068 recipes scraped
3069 recipes scraped
3070 recipes scraped
3071 recipes scraped
3072 recipes scraped
3073 recipes scraped
3074 recipes scraped
3075 recipes scraped
3076 recipes scraped
3077 recipes scraped
3078 recipes scraped
3079 recipes scraped
3080 recipes scraped
3081 recipes scraped
3082 recipes scraped
3083 recipes scraped
3084 recipes scraped
3085 recipes scraped
3086 recipes scraped
3087 recipes scraped
3088 recipes scraped
3089 recipes scraped
3090 recipes scraped
3091 recipes scraped
3092 recipes scraped
3093 recipes scraped
3094 recipes scraped
3095 recipes scraped
3096 recipes scraped
3097 recipes scraped
3098 recipes scraped
3099 recipes scraped
3100 recipes scraped
3101 recipes scraped
3102 recipes scraped
3103 recipes scraped
3104 recipes scraped
3105 recipes scraped
3106 recipes scraped
3107 recipes scraped
3108 recipes scraped
3109 recipes scraped
3110 recipes scraped
3111 recipes scraped
3112 recipes scraped
3113 recipes scraped
3114 recipes scraped
3115 recipes scraped
3116 recipes scraped
3117 recipes scraped
3118 recipes scraped
3119 recipes scraped
3120 recipes scraped
3121 recipes scraped
3122 recipes scraped
3123 recipes scraped
3124 recipes scraped
3125 recipes scraped
3126 recipes scraped
3127 recipes scraped
3128 recipes scraped
3129 recipes scraped
3130 recipes scraped
3131 recipes scraped
3132 recipes scraped
3133 recipes scraped
3134 recipes scraped
3135 recipes scraped
3136 recipes scraped
3137 recipes scraped
3138 recipes scraped
3139 recipes scraped
3140 recipes scraped
3141 recipes scraped
3142 recipes scraped
3143 recipes scraped
3144 recipes scraped
3145 recipes scraped
3146 recipes scraped
3147 recipes scraped
3148 recipes scraped
3149 recipes scraped
3150 recipes scraped
3151 recipes scraped
3152 recipes scraped
3153 recipes scraped
3154 recipes scraped
3155 recipes scraped
3156 recipes scraped
3157 recipes scraped
3158 recipes scraped
3159 recipes scraped
3160 recipes scraped
3161 recipes scraped
3162 recipes scraped
3163 recipes scraped
3164 recipes scraped
3165 recipes scraped
3166 recipes scraped
3167 recipes scraped
3168 recipes scraped
3169 recipes scraped
3170 recipes scraped
3171 recipes scraped
3172 recipes scraped
3173 recipes scraped
3174 recipes scraped
3175 recipes scraped
3176 recipes scraped
3177 recipes scraped
3178 recipes scraped
3179 recipes scraped
3180 recipes scraped
3181 recipes scraped
3182 recipes scraped
3183 recipes scraped
3184 recipes scraped
3185 recipes scraped
3186 recipes scraped
3187 recipes scraped
3188 recipes scraped
3189 recipes scraped
3190 recipes scraped
3191 recipes scraped
3192 recipes scraped
3193 recipes scraped
3194 recipes scraped
3195 recipes scraped
3196 recipes scraped
3197 recipes scraped
3198 recipes scraped
3199 recipes scraped
3200 recipes scraped
3201 recipes scraped
3202 recipes scraped
3203 recipes scraped
3204 recipes scraped
3205 recipes scraped
3206 recipes scraped
3207 recipes scraped
3208 recipes scraped
3209 recipes scraped
3210 recipes scraped
3211 recipes scraped
3212 recipes scraped
3213 recipes scraped
3214 recipes scraped
3215 recipes scraped
3216 recipes scraped
3217 recipes scraped
3218 recipes scraped
3219 recipes scraped
3220 recipes scraped
3221 recipes scraped
3222 recipes scraped
3223 recipes scraped
3224 recipes scraped
3225 recipes scraped
3226 recipes scraped
3227 recipes scraped
3228 recipes scraped
3229 recipes scraped
3230 recipes scraped
3231 recipes scraped
3232 recipes scraped
3233 recipes scraped
3234 recipes scraped
3235 recipes scraped
3236 recipes scraped
3237 recipes scraped
3238 recipes scraped
3239 recipes scraped
3240 recipes scraped
3241 recipes scraped
3242 recipes scraped
3243 recipes scraped
3244 recipes scraped
3245 recipes scraped
3246 recipes scraped
3247 recipes scraped
3248 recipes scraped
3249 recipes scraped
3250 recipes scraped
3251 recipes scraped
3252 recipes scraped
3253 recipes scraped
3254 recipes scraped
3255 recipes scraped
3256 recipes scraped
3257 recipes scraped
3258 recipes scraped
3259 recipes scraped
3260 recipes scraped
3261 recipes scraped
3262 recipes scraped
3263 recipes scraped
3264 recipes scraped
3265 recipes scraped
3266 recipes scraped
3267 recipes scraped
3268 recipes scraped
3269 recipes scraped
3270 recipes scraped
3271 recipes scraped
3272 recipes scraped
3273 recipes scraped
3274 recipes scraped
3275 recipes scraped
3276 recipes scraped
3277 recipes scraped
3278 recipes scraped
3279 recipes scraped
3280 recipes scraped
3281 recipes scraped
3282 recipes scraped
3283 recipes scraped
3284 recipes scraped
3285 recipes scraped
3286 recipes scraped
3287 recipes scraped
3288 recipes scraped
3289 recipes scraped
3290 recipes scraped
3291 recipes scraped
3292 recipes scraped
3293 recipes scraped
3294 recipes scraped
3295 recipes scraped
3296 recipes scraped
3297 recipes scraped
3298 recipes scraped
3299 recipes scraped
3300 recipes scraped
3301 recipes scraped
3302 recipes scraped
3303 recipes scraped
3304 recipes scraped
3305 recipes scraped
3306 recipes scraped
3307 recipes scraped
3308 recipes scraped
3309 recipes scraped
3310 recipes scraped
3311 recipes scraped
3312 recipes scraped
3313 recipes scraped
3314 recipes scraped
3315 recipes scraped
3316 recipes scraped
3317 recipes scraped
3318 recipes scraped
3319 recipes scraped
3320 recipes scraped
3321 recipes scraped
3322 recipes scraped
3323 recipes scraped
3324 recipes scraped
3325 recipes scraped
3326 recipes scraped
3327 recipes scraped
3328 recipes scraped
3329 recipes scraped
3330 recipes scraped
3331 recipes scraped
3332 recipes scraped
3333 recipes scraped
3334 recipes scraped
3335 recipes scraped
3336 recipes scraped
3337 recipes scraped
3338 recipes scraped
3339 recipes scraped
3340 recipes scraped
3341 recipes scraped
3342 recipes scraped
3343 recipes scraped
3344 recipes scraped
3345 recipes scraped
3346 recipes scraped
3347 recipes scraped
3348 recipes scraped
3349 recipes scraped
3350 recipes scraped
3351 recipes scraped
3352 recipes scraped
3353 recipes scraped
3354 recipes scraped
3355 recipes scraped
3356 recipes scraped
3357 recipes scraped
3358 recipes scraped
3359 recipes scraped
3360 recipes scraped
3361 recipes scraped
3362 recipes scraped
3363 recipes scraped
3364 recipes scraped
3365 recipes scraped
3366 recipes scraped
3367 recipes scraped
3368 recipes scraped
3369 recipes scraped
3370 recipes scraped
3371 recipes scraped
3372 recipes scraped
3373 recipes scraped
3374 recipes scraped
3375 recipes scraped
3376 recipes scraped
3377 recipes scraped
3378 recipes scraped
3379 recipes scraped
3380 recipes scraped
3381 recipes scraped
3382 recipes scraped
3383 recipes scraped
3384 recipes scraped
3385 recipes scraped
3386 recipes scraped
3387 recipes scraped
3388 recipes scraped
3389 recipes scraped
3390 recipes scraped
3391 recipes scraped
Traceback (most recent call last):
  File "/commons/conda/dsls/lib/python3.10/site-packages/urllib3/connectionpool.py", line 703, in urlopen
    httplib_response = self._make_request(
  File "/commons/conda/dsls/lib/python3.10/site-packages/urllib3/connectionpool.py", line 386, in _make_re
quest
    self._validate_conn(conn)
  File "/commons/conda/dsls/lib/python3.10/site-packages/urllib3/connectionpool.py", line 1042, in _valida
te_conn
    conn.connect()
  File "/commons/conda/dsls/lib/python3.10/site-packages/urllib3/connection.py", line 414, in connect
    self.sock = ssl_wrap_socket(
  File "/commons/conda/dsls/lib/python3.10/site-packages/urllib3/util/ssl_.py", line 449, in ssl_wrap_sock
et
    ssl_sock = _ssl_wrap_socket_impl(
  File "/commons/conda/dsls/lib/python3.10/site-packages/urllib3/util/ssl_.py", line 493, in _ssl_wrap_soc
ket_impl
    return ssl_context.wrap_socket(sock, server_hostname=server_hostname)
  File "/commons/conda/dsls/lib/python3.10/ssl.py", line 513, in wrap_socket
    return self.sslsocket_class._create(
  File "/commons/conda/dsls/lib/python3.10/ssl.py", line 1071, in _create
    self.do_handshake()
  File "/commons/conda/dsls/lib/python3.10/ssl.py", line 1342, in do_handshake
    self._sslobj.do_handshake()
ConnectionResetError: [Errno 104] Connection reset by peer

During handling of the above exception, another exception occurred:

Traceback (most recent call last):
  File "/commons/conda/dsls/lib/python3.10/site-packages/requests/adapters.py", line 489, in send
    resp = conn.urlopen(
  File "/commons/conda/dsls/lib/python3.10/site-packages/urllib3/connectionpool.py", line 787, in urlopen
    retries = retries.increment(
  File "/commons/conda/dsls/lib/python3.10/site-packages/urllib3/util/retry.py", line 550, in increment
    raise six.reraise(type(error), error, _stacktrace)
  File "/commons/conda/dsls/lib/python3.10/site-packages/urllib3/packages/six.py", line 769, in reraise
    raise value.with_traceback(tb)
  File "/commons/conda/dsls/lib/python3.10/site-packages/urllib3/connectionpool.py", line 703, in urlopen
    httplib_response = self._make_request(
  File "/commons/conda/dsls/lib/python3.10/site-packages/urllib3/connectionpool.py", line 386, in _make_re
quest
    self._validate_conn(conn)
  File "/commons/conda/dsls/lib/python3.10/site-packages/urllib3/connectionpool.py", line 1042, in _valida
te_conn
    conn.connect()
  File "/commons/conda/dsls/lib/python3.10/site-packages/urllib3/connection.py", line 414, in connect
    self.sock = ssl_wrap_socket(
  File "/commons/conda/dsls/lib/python3.10/site-packages/urllib3/util/ssl_.py", line 449, in ssl_wrap_sock
et
    ssl_sock = _ssl_wrap_socket_impl(
  File "/commons/conda/dsls/lib/python3.10/site-packages/urllib3/util/ssl_.py", line 493, in _ssl_wrap_soc
ket_impl
    return ssl_context.wrap_socket(sock, server_hostname=server_hostname)
  File "/commons/conda/dsls/lib/python3.10/ssl.py", line 513, in wrap_socket
    return self.sslsocket_class._create(
  File "/commons/conda/dsls/lib/python3.10/ssl.py", line 1071, in _create
    self.do_handshake()
  File "/commons/conda/dsls/lib/python3.10/ssl.py", line 1342, in do_handshake
    self._sslobj.do_handshake()
urllib3.exceptions.ProtocolError: ('Connection aborted.', ConnectionResetError(104, 'Connection reset by p
eer'))

During handling of the above exception, another exception occurred:

Traceback (most recent call last):
  File "/homes/jjmenzinga/Documents/GitHub/Fine-Bakery/recipe_scraper/ah_main.py", line 15, in <module>
    main()
  File "/homes/jjmenzinga/Documents/GitHub/Fine-Bakery/recipe_scraper/ah_main.py", line 9, in main
    scrape_recipes('recipe_scraper/ah_receps',
  File "/homes/jjmenzinga/Documents/GitHub/Fine-Bakery/recipe_scraper/generic_recep_scraper.py", line 24,
in scrape_recipes
    scraper = scrape_me(f'{base_url}{recep}')
  File "/homes/jjmenzinga/.local/lib/python3.10/site-packages/recipe_scrapers/__init__.py", line 531, in s
crape_me
    return scraper(url_path, **options)
  File "/homes/jjmenzinga/.local/lib/python3.10/site-packages/recipe_scrapers/_abstract.py", line 40, in _
_init__
    resp = requests.get(
  File "/commons/conda/dsls/lib/python3.10/site-packages/requests/api.py", line 73, in get
    return request("get", url, params=params, **kwargs)
  File "/commons/conda/dsls/lib/python3.10/site-packages/requests/api.py", line 59, in request
    return session.request(method=method, url=url, **kwargs)
  File "/commons/conda/dsls/lib/python3.10/site-packages/requests/sessions.py", line 587, in request
    resp = self.send(prep, **send_kwargs)
  File "/commons/conda/dsls/lib/python3.10/site-packages/requests/sessions.py", line 701, in send
    r = adapter.send(request, **kwargs)
  File "/commons/conda/dsls/lib/python3.10/site-packages/requests/adapters.py", line 547, in send
    raise ConnectionError(err, request=request)
requests.exceptions.ConnectionError: ('Connection aborted.', ConnectionResetError(104, 'Connection reset b
(/commons/conda/dsls) jjmenzinga@nuc407 [~/Documents/GitHub/Fine-Bakery/recipe_scraper]$ capture-pane -S -
-bash: capture-pane: command not found
(/commons/conda/dsls) jjmenzinga@nuc407 [~/Documents/GitHub/Fine-Bakery/recipe_scraper]$ tmux capture-pane
 -S -

