page number: 48122
page number: 48123
page number: 48124
page number: 48125
page number: 48126
page number: 48127
page number: 48128
page number: 48129
page number: 48130
page number: 48131
page number: 48132
page number: 48133
page number: 48134
page number: 48135
page number: 48136
page number: 48137
page number: 48138
page number: 48139
page number: 48140
page number: 48141
page number: 48142
page number: 48143
page number: 48144
page number: 48145
page number: 48146
page number: 48147
page number: 48148
page number: 48149
page number: 48150
page number: 48151
page number: 48152
page number: 48153
page number: 48154
page number: 48155
page number: 48156
page number: 48157
page number: 48158
page number: 48159
page number: 48160
page number: 48161
page number: 48162
page number: 48163
page number: 48164
page number: 48165
page number: 48166
page number: 48167
page number: 48168
page number: 48169
page number: 48170
page number: 48171
page number: 48172
page number: 48173
page number: 48174
page number: 48175
page number: 48176
page number: 48177
page number: 48178
page number: 48179
page number: 48180
page number: 48181
page number: 48182
page number: 48183
page number: 48184
page number: 48185
page number: 48186
page number: 48187
page number: 48188
page number: 48189
page number: 48190
page number: 48191
page number: 48192
page number: 48193
page number: 48194
page number: 48195
page number: 48196
page number: 48197
page number: 48198
page number: 48199
page number: 48200
page number: 48201
page number: 48202
page number: 48203
page number: 48204
page number: 48205
page number: 48206
page number: 48207
page number: 48208
page number: 48209
page number: 48210
page number: 48211
page number: 48212
page number: 48213
page number: 48214
page number: 48215
page number: 48216
page number: 48217
page number: 48218
page number: 48219
page number: 48220
page number: 48221
page number: 48222
page number: 48223
page number: 48224
page number: 48225
page number: 48226
page number: 48227
page number: 48228
page number: 48229
page number: 48230
page number: 48231
page number: 48232
page number: 48233
page number: 48234
page number: 48235
page number: 48236
page number: 48237
page number: 48238
page number: 48239
page number: 48240
page number: 48241
page number: 48242
page number: 48243
page number: 48244
page number: 48245
page number: 48246
page number: 48247
page number: 48248
page number: 48249
page number: 48250
page number: 48251
page number: 48252
page number: 48253
page number: 48254
page number: 48255
page number: 48256
page number: 48257
page number: 48258
page number: 48259
page number: 48260
page number: 48261
page number: 48262
page number: 48263
page number: 48264
page number: 48265
page number: 48266
page number: 48267
page number: 48268
page number: 48269
page number: 48270
page number: 48271
page number: 48272
page number: 48273
page number: 48274
page number: 48275
page number: 48276
page number: 48277
page number: 48278
page number: 48279
page number: 48280
page number: 48281
page number: 48282
page number: 48283
page number: 48284
page number: 48285
page number: 48286
page number: 48287
page number: 48288
page number: 48289
page number: 48290
page number: 48291
page number: 48292
page number: 48293
page number: 48294
page number: 48295
page number: 48296
page number: 48297
page number: 48298
page number: 48299
page number: 48300
page number: 48301
page number: 48302
page number: 48303
page number: 48304
page number: 48305
page number: 48306
page number: 48307
page number: 48308
page number: 48309
page number: 48310
page number: 48311
page number: 48312
page number: 48313
page number: 48314
page number: 48315
page number: 48316
page number: 48317
page number: 48318
page number: 48319
page number: 48320
page number: 48321
page number: 48322
page number: 48323
page number: 48324
page number: 48325
page number: 48326
page number: 48327
page number: 48328
page number: 48329
page number: 48330
page number: 48331
page number: 48332
page number: 48333
page number: 48334
page number: 48335
page number: 48336
page number: 48337
page number: 48338
page number: 48339
page number: 48340
page number: 48341
page number: 48342
page number: 48343
page number: 48344
page number: 48345
page number: 48346
page number: 48347
page number: 48348
page number: 48349
page number: 48350
page number: 48351
page number: 48352
page number: 48353
page number: 48354
page number: 48355
page number: 48356
page number: 48357
page number: 48358
page number: 48359
page number: 48360
page number: 48361
page number: 48362
page number: 48363
page number: 48364
page number: 48365
page number: 48366
page number: 48367
page number: 48368
page number: 48369
page number: 48370
page number: 48371
page number: 48372
page number: 48373
page number: 48374
page number: 48375
page number: 48376
page number: 48377
page number: 48378
page number: 48379
page number: 48380
page number: 48381
page number: 48382
page number: 48383
page number: 48384
page number: 48385
page number: 48386
page number: 48387
page number: 48388
page number: 48389
page number: 48390
page number: 48391
page number: 48392
page number: 48393
page number: 48394
page number: 48395
page number: 48396
page number: 48397
page number: 48398
page number: 48399
page number: 48400
page number: 48401
page number: 48402
page number: 48403
page number: 48404
page number: 48405
page number: 48406
page number: 48407
page number: 48408
page number: 48409
page number: 48410
page number: 48411
page number: 48412
page number: 48413
page number: 48414
page number: 48415
page number: 48416
page number: 48417
page number: 48418
page number: 48419
page number: 48420
page number: 48421
page number: 48422
page number: 48423
page number: 48424
page number: 48425
page number: 48426
page number: 48427
page number: 48428
page number: 48429
page number: 48430
page number: 48431
page number: 48432
page number: 48433
page number: 48434
page number: 48435
page number: 48436
page number: 48437
page number: 48438
page number: 48439
page number: 48440
page number: 48441
page number: 48442
page number: 48443
page number: 48444
page number: 48445
page number: 48446
page number: 48447
page number: 48448
page number: 48449
page number: 48450
page number: 48451
page number: 48452
page number: 48453
page number: 48454
page number: 48455
page number: 48456
page number: 48457
page number: 48458
page number: 48459
page number: 48460
page number: 48461
page number: 48462
page number: 48463
page number: 48464
page number: 48465
page number: 48466
page number: 48467
page number: 48468
page number: 48469
page number: 48470
page number: 48471
page number: 48472
page number: 48473
page number: 48474
page number: 48475
page number: 48476
page number: 48477
page number: 48478
page number: 48479
page number: 48480
page number: 48481
page number: 48482
page number: 48483
page number: 48484
page number: 48485
page number: 48486
page number: 48487
page number: 48488
page number: 48489
page number: 48490
page number: 48491
page number: 48492
page number: 48493
page number: 48494
page number: 48495
page number: 48496
page number: 48497
page number: 48498
page number: 48499
page number: 48500
page number: 48501
page number: 48502
page number: 48503
page number: 48504
page number: 48505
page number: 48506
page number: 48507
page number: 48508
page number: 48509
page number: 48510
page number: 48511
page number: 48512
page number: 48513
page number: 48514
page number: 48515
page number: 48516
page number: 48517
page number: 48518
page number: 48519
page number: 48520
page number: 48521
page number: 48522
page number: 48523
page number: 48524
page number: 48525
page number: 48526
page number: 48527
page number: 48528
page number: 48529
page number: 48530
page number: 48531
page number: 48532
page number: 48533
page number: 48534
page number: 48535
page number: 48536
page number: 48537
page number: 48538
page number: 48539
page number: 48540
page number: 48541
page number: 48542
page number: 48543
page number: 48544
page number: 48545
page number: 48546
page number: 48547
page number: 48548
page number: 48549
page number: 48550
page number: 48551
page number: 48552
page number: 48553
page number: 48554
page number: 48555
page number: 48556
page number: 48557
page number: 48558
page number: 48559
page number: 48560
page number: 48561
page number: 48562
page number: 48563
page number: 48564
page number: 48565
page number: 48566
page number: 48567
page number: 48568
page number: 48569
page number: 48570
page number: 48571
page number: 48572
page number: 48573
page number: 48574
page number: 48575
page number: 48576
page number: 48577
page number: 48578
page number: 48579
page number: 48580
page number: 48581
page number: 48582
page number: 48583
page number: 48584
page number: 48585
page number: 48586
page number: 48587
page number: 48588
page number: 48589
page number: 48590
page number: 48591
page number: 48592
page number: 48593
page number: 48594
page number: 48595
page number: 48596
page number: 48597
page number: 48598
page number: 48599
page number: 48600
page number: 48601
page number: 48602
page number: 48603
page number: 48604
page number: 48605
page number: 48606
page number: 48607
page number: 48608
page number: 48609
page number: 48610
page number: 48611
page number: 48612
page number: 48613
page number: 48614
page number: 48615
page number: 48616
page number: 48617
page number: 48618
page number: 48619
page number: 48620
page number: 48621
page number: 48622
page number: 48623
page number: 48624
page number: 48625
page number: 48626
page number: 48627
page number: 48628
page number: 48629
page number: 48630
page number: 48631
page number: 48632
page number: 48633
page number: 48634
page number: 48635
page number: 48636
page number: 48637
page number: 48638
page number: 48639
page number: 48640
page number: 48641
page number: 48642
page number: 48643
page number: 48644
page number: 48645
page number: 48646
page number: 48647
page number: 48648
page number: 48649
page number: 48650
page number: 48651
page number: 48652
page number: 48653
page number: 48654
page number: 48655
page number: 48656
page number: 48657
page number: 48658
page number: 48659
page number: 48660
page number: 48661
page number: 48662
page number: 48663
page number: 48664
page number: 48665
page number: 48666
page number: 48667
page number: 48668
page number: 48669
page number: 48670
page number: 48671
page number: 48672
page number: 48673
page number: 48674
page number: 48675
page number: 48676
page number: 48677
page number: 48678
page number: 48679
page number: 48680
page number: 48681
page number: 48682
page number: 48683
page number: 48684
page number: 48685
page number: 48686
page number: 48687
page number: 48688
page number: 48689
page number: 48690
page number: 48691
page number: 48692
page number: 48693
page number: 48694
page number: 48695
page number: 48696
page number: 48697
page number: 48698
page number: 48699
page number: 48700
page number: 48701
page number: 48702
page number: 48703
page number: 48704
page number: 48705
page number: 48706
page number: 48707
page number: 48708
page number: 48709
page number: 48710
page number: 48711
page number: 48712
page number: 48713
page number: 48714
page number: 48715
page number: 48716
page number: 48717
page number: 48718
page number: 48719
page number: 48720
page number: 48721
page number: 48722
page number: 48723
page number: 48724
page number: 48725
page number: 48726
page number: 48727
page number: 48728
page number: 48729
page number: 48730
page number: 48731
page number: 48732
page number: 48733
page number: 48734
page number: 48735
page number: 48736
page number: 48737
page number: 48738
page number: 48739
page number: 48740
page number: 48741
page number: 48742
page number: 48743
page number: 48744
page number: 48745
page number: 48746
page number: 48747
page number: 48748
page number: 48749
page number: 48750
page number: 48751
page number: 48752
page number: 48753
page number: 48754
page number: 48755
page number: 48756
page number: 48757
page number: 48758
page number: 48759
page number: 48760
page number: 48761
page number: 48762
page number: 48763
page number: 48764
page number: 48765
page number: 48766
page number: 48767
page number: 48768
page number: 48769
page number: 48770
page number: 48771
page number: 48772
page number: 48773
page number: 48774
page number: 48775
page number: 48776
page number: 48777
page number: 48778
page number: 48779
page number: 48780
page number: 48781
page number: 48782
page number: 48783
page number: 48784
page number: 48785
page number: 48786
page number: 48787
page number: 48788
page number: 48789
page number: 48790
page number: 48791
page number: 48792
page number: 48793
page number: 48794
page number: 48795
page number: 48796
page number: 48797
page number: 48798
page number: 48799
page number: 48800
page number: 48801
page number: 48802
page number: 48803
page number: 48804
page number: 48805
page number: 48806
page number: 48807
page number: 48808
page number: 48809
page number: 48810
page number: 48811
page number: 48812
page number: 48813
page number: 48814
page number: 48815
page number: 48816
page number: 48817
page number: 48818
page number: 48819
page number: 48820
page number: 48821
page number: 48822
page number: 48823
page number: 48824
page number: 48825
page number: 48826
page number: 48827
page number: 48828
page number: 48829
page number: 48830
page number: 48831
page number: 48832
page number: 48833
page number: 48834
page number: 48835
page number: 48836
page number: 48837
page number: 48838
page number: 48839
page number: 48840
page number: 48841
page number: 48842
page number: 48843
page number: 48844
page number: 48845
page number: 48846
page number: 48847
page number: 48848
page number: 48849
page number: 48850
page number: 48851
page number: 48852
page number: 48853
page number: 48854
page number: 48855
page number: 48856
page number: 48857
page number: 48858
page number: 48859
page number: 48860
page number: 48861
page number: 48862
page number: 48863
page number: 48864
page number: 48865
page number: 48866
page number: 48867
page number: 48868
page number: 48869
page number: 48870
page number: 48871
page number: 48872
page number: 48873
page number: 48874
page number: 48875
page number: 48876
page number: 48877
page number: 48878
page number: 48879
page number: 48880
page number: 48881
page number: 48882
page number: 48883
page number: 48884
page number: 48885
page number: 48886
page number: 48887
page number: 48888
page number: 48889
page number: 48890
page number: 48891
page number: 48892
page number: 48893
page number: 48894
page number: 48895
page number: 48896
page number: 48897
page number: 48898
page number: 48899
page number: 48900
page number: 48901
page number: 48902
page number: 48903
page number: 48904
page number: 48905
page number: 48906
page number: 48907
page number: 48908
page number: 48909
page number: 48910
page number: 48911
page number: 48912
page number: 48913
page number: 48914
page number: 48915
page number: 48916
page number: 48917
page number: 48918
page number: 48919
page number: 48920
page number: 48921
page number: 48922
page number: 48923
page number: 48924
page number: 48925
page number: 48926
page number: 48927
page number: 48928
page number: 48929
page number: 48930
page number: 48931
page number: 48932
page number: 48933
page number: 48934
page number: 48935
page number: 48936
page number: 48937
page number: 48938
page number: 48939
page number: 48940
page number: 48941
page number: 48942
page number: 48943
page number: 48944
page number: 48945
page number: 48946
page number: 48947
page number: 48948
page number: 48949
page number: 48950
page number: 48951
page number: 48952
page number: 48953
page number: 48954
page number: 48955
page number: 48956
page number: 48957
page number: 48958
page number: 48959
page number: 48960
page number: 48961
page number: 48962
page number: 48963
page number: 48964
page number: 48965
page number: 48966
page number: 48967
page number: 48968
page number: 48969
page number: 48970
page number: 48971
page number: 48972
page number: 48973
page number: 48974
page number: 48975
page number: 48976
page number: 48977
page number: 48978
page number: 48979
page number: 48980
page number: 48981
page number: 48982
page number: 48983
page number: 48984
page number: 48985
page number: 48986
page number: 48987
page number: 48988
page number: 48989
page number: 48990
page number: 48991
page number: 48992
page number: 48993
page number: 48994
page number: 48995
page number: 48996
page number: 48997
page number: 48998
page number: 48999
page number: 49000
page number: 49001
page number: 49002
page number: 49003
page number: 49004
page number: 49005
page number: 49006
page number: 49007
page number: 49008
page number: 49009
page number: 49010
page number: 49011
page number: 49012
page number: 49013
page number: 49014
page number: 49015
page number: 49016
page number: 49017
page number: 49018
page number: 49019
page number: 49020
page number: 49021
page number: 49022
page number: 49023
page number: 49024
page number: 49025
page number: 49026
page number: 49027
page number: 49028
page number: 49029
page number: 49030
page number: 49031
page number: 49032
page number: 49033
page number: 49034
page number: 49035
page number: 49036
page number: 49037
page number: 49038
page number: 49039
page number: 49040
page number: 49041
page number: 49042
page number: 49043
page number: 49044
page number: 49045
page number: 49046
page number: 49047
page number: 49048
page number: 49049
page number: 49050
page number: 49051
page number: 49052
page number: 49053
page number: 49054
page number: 49055
page number: 49056
page number: 49057
page number: 49058
page number: 49059
page number: 49060
page number: 49061
page number: 49062
page number: 49063
page number: 49064
page number: 49065
page number: 49066
page number: 49067
page number: 49068
page number: 49069
page number: 49070
page number: 49071
page number: 49072
page number: 49073
page number: 49074
page number: 49075
page number: 49076
page number: 49077
page number: 49078
page number: 49079
page number: 49080
page number: 49081
page number: 49082
page number: 49083
page number: 49084
page number: 49085
page number: 49086
page number: 49087
page number: 49088
page number: 49089
page number: 49090
page number: 49091
page number: 49092
page number: 49093
page number: 49094
page number: 49095
page number: 49096
page number: 49097
page number: 49098
page number: 49099
page number: 49100
page number: 49101
page number: 49102
page number: 49103
page number: 49104
page number: 49105
page number: 49106
page number: 49107
page number: 49108
page number: 49109
page number: 49110
page number: 49111
page number: 49112
page number: 49113
page number: 49114
page number: 49115
page number: 49116
page number: 49117
page number: 49118
page number: 49119
page number: 49120
page number: 49121
page number: 49122
page number: 49123
page number: 49124
page number: 49125
page number: 49126
page number: 49127
page number: 49128
page number: 49129
page number: 49130
page number: 49131
page number: 49132
page number: 49133
page number: 49134
page number: 49135
page number: 49136
page number: 49137
page number: 49138
page number: 49139
page number: 49140
page number: 49141
page number: 49142
page number: 49143
page number: 49144
page number: 49145
page number: 49146
page number: 49147
page number: 49148
page number: 49149
page number: 49150
page number: 49151
page number: 49152
page number: 49153
page number: 49154
page number: 49155
page number: 49156
page number: 49157
page number: 49158
page number: 49159
page number: 49160
page number: 49161
page number: 49162
page number: 49163
page number: 49164
page number: 49165
page number: 49166
page number: 49167
page number: 49168
page number: 49169
page number: 49170
page number: 49171
page number: 49172
page number: 49173
page number: 49174
page number: 49175
page number: 49176
page number: 49177
page number: 49178
page number: 49179
page number: 49180
page number: 49181
page number: 49182
page number: 49183
page number: 49184
page number: 49185
page number: 49186
page number: 49187
page number: 49188
page number: 49189
page number: 49190
page number: 49191
page number: 49192
page number: 49193
page number: 49194
page number: 49195
page number: 49196
page number: 49197
page number: 49198
page number: 49199
page number: 49200
page number: 49201
page number: 49202
page number: 49203
page number: 49204
page number: 49205
page number: 49206
page number: 49207
page number: 49208
page number: 49209
page number: 49210
page number: 49211
page number: 49212
page number: 49213
page number: 49214
page number: 49215
page number: 49216
page number: 49217
page number: 49218
page number: 49219
page number: 49220
page number: 49221
page number: 49222
page number: 49223
page number: 49224
page number: 49225
page number: 49226
page number: 49227
page number: 49228
page number: 49229
page number: 49230
page number: 49231
page number: 49232
page number: 49233
page number: 49234
page number: 49235
page number: 49236
page number: 49237
page number: 49238
page number: 49239
page number: 49240
page number: 49241
page number: 49242
page number: 49243
page number: 49244
page number: 49245
page number: 49246
page number: 49247
page number: 49248
page number: 49249
page number: 49250
page number: 49251
page number: 49252
page number: 49253
page number: 49254
page number: 49255
page number: 49256
page number: 49257
page number: 49258
page number: 49259
page number: 49260
page number: 49261
page number: 49262
page number: 49263
page number: 49264
page number: 49265
page number: 49266
page number: 49267
page number: 49268
page number: 49269
page number: 49270
page number: 49271
page number: 49272
page number: 49273
page number: 49274
page number: 49275
page number: 49276
page number: 49277
page number: 49278
page number: 49279
page number: 49280
page number: 49281
page number: 49282
page number: 49283
page number: 49284
page number: 49285
page number: 49286
page number: 49287
page number: 49288
page number: 49289
page number: 49290
page number: 49291
page number: 49292
page number: 49293
page number: 49294
page number: 49295
page number: 49296
page number: 49297
page number: 49298
page number: 49299
page number: 49300
page number: 49301
page number: 49302
page number: 49303
page number: 49304
page number: 49305
page number: 49306
page number: 49307
page number: 49308
page number: 49309
page number: 49310
page number: 49311
page number: 49312
page number: 49313
page number: 49314
page number: 49315
page number: 49316
page number: 49317
page number: 49318
page number: 49319
page number: 49320
page number: 49321
page number: 49322
page number: 49323
page number: 49324
page number: 49325
page number: 49326
page number: 49327
page number: 49328
page number: 49329
page number: 49330
page number: 49331
page number: 49332
page number: 49333
page number: 49334
page number: 49335
page number: 49336
page number: 49337
page number: 49338
page number: 49339
page number: 49340
page number: 49341
page number: 49342
page number: 49343
page number: 49344
page number: 49345
page number: 49346
page number: 49347
page number: 49348
page number: 49349
page number: 49350
page number: 49351
page number: 49352
page number: 49353
page number: 49354
page number: 49355
page number: 49356
page number: 49357
page number: 49358
page number: 49359
page number: 49360
page number: 49361
page number: 49362
page number: 49363
page number: 49364
page number: 49365
page number: 49366
page number: 49367
page number: 49368
page number: 49369
page number: 49370
page number: 49371
page number: 49372
page number: 49373
page number: 49374
page number: 49375
page number: 49376
page number: 49377
page number: 49378
page number: 49379
page number: 49380
page number: 49381
page number: 49382
page number: 49383
page number: 49384
page number: 49385
page number: 49386
page number: 49387
page number: 49388
page number: 49389
page number: 49390
page number: 49391
page number: 49392
page number: 49393
page number: 49394
page number: 49395
page number: 49396
page number: 49397
page number: 49398
page number: 49399
page number: 49400
page number: 49401
page number: 49402
page number: 49403
page number: 49404
page number: 49405
page number: 49406
page number: 49407
page number: 49408
page number: 49409
page number: 49410
page number: 49411
page number: 49412
page number: 49413
page number: 49414
page number: 49415
page number: 49416
page number: 49417
page number: 49418
page number: 49419
page number: 49420
page number: 49421
page number: 49422
page number: 49423
page number: 49424
page number: 49425
page number: 49426
page number: 49427
page number: 49428
page number: 49429
page number: 49430
page number: 49431
page number: 49432
page number: 49433
page number: 49434
page number: 49435
page number: 49436
page number: 49437
page number: 49438
page number: 49439
page number: 49440
page number: 49441
page number: 49442
page number: 49443
page number: 49444
page number: 49445
page number: 49446
page number: 49447
page number: 49448
page number: 49449
page number: 49450
page number: 49451
page number: 49452
page number: 49453
page number: 49454
page number: 49455
page number: 49456
page number: 49457
page number: 49458
page number: 49459
page number: 49460
page number: 49461
page number: 49462
page number: 49463
page number: 49464
page number: 49465
page number: 49466
page number: 49467
page number: 49468
page number: 49469
page number: 49470
page number: 49471
page number: 49472
page number: 49473
page number: 49474
page number: 49475
page number: 49476
page number: 49477
page number: 49478
page number: 49479
page number: 49480
page number: 49481
page number: 49482
page number: 49483
page number: 49484
page number: 49485
page number: 49486
page number: 49487
page number: 49488
page number: 49489
page number: 49490
page number: 49491
page number: 49492
page number: 49493
page number: 49494
page number: 49495
page number: 49496
page number: 49497
page number: 49498
page number: 49499
page number: 49500
page number: 49501
page number: 49502
page number: 49503
page number: 49504
page number: 49505
page number: 49506
page number: 49507
page number: 49508
page number: 49509
page number: 49510
page number: 49511
page number: 49512
page number: 49513
page number: 49514
page number: 49515
page number: 49516
page number: 49517
page number: 49518
page number: 49519
page number: 49520
page number: 49521
page number: 49522
page number: 49523
page number: 49524
page number: 49525
page number: 49526
page number: 49527
page number: 49528
page number: 49529
page number: 49530
page number: 49531
page number: 49532
page number: 49533
page number: 49534
page number: 49535
page number: 49536
page number: 49537
page number: 49538
page number: 49539
page number: 49540
page number: 49541
page number: 49542
page number: 49543
page number: 49544
page number: 49545
page number: 49546
page number: 49547
page number: 49548
page number: 49549
page number: 49550
page number: 49551
page number: 49552
page number: 49553
page number: 49554
page number: 49555
page number: 49556
page number: 49557
page number: 49558
page number: 49559
page number: 49560
page number: 49561
page number: 49562
page number: 49563
page number: 49564
page number: 49565
page number: 49566
page number: 49567
page number: 49568
page number: 49569
page number: 49570
page number: 49571
page number: 49572
page number: 49573
page number: 49574
page number: 49575
page number: 49576
page number: 49577
page number: 49578
page number: 49579
page number: 49580
page number: 49581
page number: 49582
page number: 49583
page number: 49584
page number: 49585
page number: 49586
page number: 49587
page number: 49588
page number: 49589
page number: 49590
page number: 49591
page number: 49592
page number: 49593
page number: 49594
page number: 49595
page number: 49596
page number: 49597
page number: 49598
page number: 49599
page number: 49600
page number: 49601
page number: 49602
page number: 49603
page number: 49604
page number: 49605
page number: 49606
page number: 49607
page number: 49608
page number: 49609
page number: 49610
page number: 49611
page number: 49612
page number: 49613
page number: 49614
page number: 49615
page number: 49616
page number: 49617
page number: 49618
page number: 49619
page number: 49620
page number: 49621
page number: 49622
page number: 49623
page number: 49624
page number: 49625
page number: 49626
page number: 49627
page number: 49628
page number: 49629
page number: 49630
page number: 49631
page number: 49632
page number: 49633
page number: 49634
page number: 49635
page number: 49636
page number: 49637
page number: 49638
page number: 49639
page number: 49640
page number: 49641
page number: 49642
page number: 49643
page number: 49644
page number: 49645
page number: 49646
page number: 49647
page number: 49648
page number: 49649
page number: 49650
page number: 49651
page number: 49652
page number: 49653
page number: 49654
page number: 49655
page number: 49656
page number: 49657
page number: 49658
page number: 49659
page number: 49660
page number: 49661
page number: 49662
page number: 49663
page number: 49664
page number: 49665
page number: 49666
page number: 49667
page number: 49668
page number: 49669
page number: 49670
page number: 49671
page number: 49672
page number: 49673
page number: 49674
page number: 49675
page number: 49676
page number: 49677
page number: 49678
page number: 49679
page number: 49680
page number: 49681
page number: 49682
page number: 49683
page number: 49684
page number: 49685
page number: 49686
page number: 49687
page number: 49688
page number: 49689
page number: 49690
page number: 49691
page number: 49692
page number: 49693
page number: 49694
page number: 49695
page number: 49696
page number: 49697
page number: 49698
page number: 49699
page number: 49700
page number: 49701
page number: 49702
page number: 49703
page number: 49704
page number: 49705
page number: 49706
page number: 49707
page number: 49708
page number: 49709
page number: 49710
page number: 49711
page number: 49712
page number: 49713
page number: 49714
page number: 49715
page number: 49716
page number: 49717
page number: 49718
page number: 49719
page number: 49720
page number: 49721
page number: 49722
page number: 49723
page number: 49724
page number: 49725
page number: 49726
page number: 49727
page number: 49728
page number: 49729
page number: 49730
page number: 49731
page number: 49732
page number: 49733
page number: 49734
page number: 49735
page number: 49736
page number: 49737
page number: 49738
page number: 49739
page number: 49740
page number: 49741
page number: 49742
page number: 49743
page number: 49744
page number: 49745
page number: 49746
page number: 49747
page number: 49748
page number: 49749
page number: 49750
page number: 49751
page number: 49752
page number: 49753
page number: 49754
page number: 49755
page number: 49756
page number: 49757
page number: 49758
page number: 49759
page number: 49760
page number: 49761
page number: 49762
page number: 49763
page number: 49764
page number: 49765
page number: 49766
page number: 49767
page number: 49768
page number: 49769
page number: 49770
page number: 49771
page number: 49772
page number: 49773
page number: 49774
page number: 49775
page number: 49776
page number: 49777
page number: 49778
page number: 49779
page number: 49780
page number: 49781
page number: 49782
page number: 49783
page number: 49784
page number: 49785
page number: 49786
page number: 49787
page number: 49788
page number: 49789
page number: 49790
page number: 49791
page number: 49792
page number: 49793
page number: 49794
page number: 49795
page number: 49796
page number: 49797
page number: 49798
page number: 49799
page number: 49800
page number: 49801
page number: 49802
page number: 49803
page number: 49804
page number: 49805
page number: 49806
page number: 49807
page number: 49808
page number: 49809
page number: 49810
page number: 49811
page number: 49812
page number: 49813
page number: 49814
page number: 49815
page number: 49816
page number: 49817
page number: 49818
page number: 49819
page number: 49820
page number: 49821
page number: 49822
page number: 49823
page number: 49824
page number: 49825
page number: 49826
page number: 49827
page number: 49828
page number: 49829
page number: 49830
page number: 49831
page number: 49832
page number: 49833
page number: 49834
page number: 49835
page number: 49836
page number: 49837
page number: 49838
page number: 49839
page number: 49840
page number: 49841
page number: 49842
page number: 49843
page number: 49844
page number: 49845
page number: 49846
page number: 49847
page number: 49848
page number: 49849
page number: 49850
page number: 49851
page number: 49852
page number: 49853
page number: 49854
page number: 49855
page number: 49856
page number: 49857
page number: 49858
page number: 49859
page number: 49860
page number: 49861
page number: 49862
page number: 49863
page number: 49864
page number: 49865
page number: 49866
page number: 49867
page number: 49868
page number: 49869
page number: 49870
page number: 49871
page number: 49872
page number: 49873
page number: 49874
page number: 49875
page number: 49876
page number: 49877
page number: 49878
page number: 49879
page number: 49880
page number: 49881
page number: 49882
page number: 49883
page number: 49884
page number: 49885
page number: 49886
page number: 49887
page number: 49888
page number: 49889
page number: 49890
page number: 49891
page number: 49892
page number: 49893
page number: 49894
page number: 49895
page number: 49896
page number: 49897
page number: 49898
page number: 49899
page number: 49900
page number: 49901
page number: 49902
page number: 49903
page number: 49904
page number: 49905
page number: 49906
page number: 49907
page number: 49908
page number: 49909
page number: 49910
page number: 49911
page number: 49912
page number: 49913
page number: 49914
page number: 49915
page number: 49916
page number: 49917
page number: 49918
page number: 49919
page number: 49920
page number: 49921
page number: 49922
page number: 49923
page number: 49924
page number: 49925
page number: 49926
page number: 49927
page number: 49928
page number: 49929
page number: 49930
page number: 49931
page number: 49932
page number: 49933
page number: 49934
page number: 49935
page number: 49936
page number: 49937
page number: 49938
page number: 49939
page number: 49940
page number: 49941
page number: 49942
page number: 49943
page number: 49944
page number: 49945
page number: 49946
page number: 49947
page number: 49948
page number: 49949
page number: 49950
page number: 49951
page number: 49952
page number: 49953
page number: 49954
page number: 49955
page number: 49956
page number: 49957
page number: 49958
page number: 49959
page number: 49960
page number: 49961
page number: 49962
page number: 49963
page number: 49964
page number: 49965
page number: 49966
page number: 49967
page number: 49968
page number: 49969
page number: 49970
page number: 49971
page number: 49972
page number: 49973
page number: 49974
page number: 49975
page number: 49976
page number: 49977
page number: 49978
page number: 49979
page number: 49980
page number: 49981
page number: 49982
page number: 49983
page number: 49984
page number: 49985
page number: 49986
page number: 49987
page number: 49988
page number: 49989
page number: 49990
page number: 49991
page number: 49992
page number: 49993
page number: 49994
page number: 49995
page number: 49996
page number: 49997
page number: 49998
page number: 49999
page number: 50000
page number: 50001
page number: 50002
page number: 50003
page number: 50004
page number: 50005
page number: 50006
page number: 50007
page number: 50008
page number: 50009
page number: 50010
page number: 50011
page number: 50012
page number: 50013
page number: 50014
page number: 50015
page number: 50016
page number: 50017
page number: 50018
page number: 50019
page number: 50020
page number: 50021
page number: 50022
page number: 50023
page number: 50024
page number: 50025
page number: 50026
page number: 50027
page number: 50028
page number: 50029
page number: 50030
page number: 50031
page number: 50032
page number: 50033
page number: 50034
page number: 50035
page number: 50036
page number: 50037
page number: 50038
page number: 50039
page number: 50040
page number: 50041
page number: 50042
page number: 50043
page number: 50044
page number: 50045
page number: 50046
Traceback (most recent call last):
  File "/commons/conda/dsls/lib/python3.10/site-packages/urllib3/connectionpool.py", line 703, in urlopen
    httplib_response = self._make_request(
  File "/commons/conda/dsls/lib/python3.10/site-packages/urllib3/connectionpool.py", line 386, in _make_re
quest
    self._validate_conn(conn)
  File "/commons/conda/dsls/lib/python3.10/site-packages/urllib3/connectionpool.py", line 1042, in _valida
te_conn
    conn.connect()
  File "/commons/conda/dsls/lib/python3.10/site-packages/urllib3/connection.py", line 414, in connect
    self.sock = ssl_wrap_socket(
  File "/commons/conda/dsls/lib/python3.10/site-packages/urllib3/util/ssl_.py", line 449, in ssl_wrap_sock
et
    ssl_sock = _ssl_wrap_socket_impl(
  File "/commons/conda/dsls/lib/python3.10/site-packages/urllib3/util/ssl_.py", line 493, in _ssl_wrap_soc
ket_impl
    return ssl_context.wrap_socket(sock, server_hostname=server_hostname)
  File "/commons/conda/dsls/lib/python3.10/ssl.py", line 513, in wrap_socket
    return self.sslsocket_class._create(
  File "/commons/conda/dsls/lib/python3.10/ssl.py", line 1071, in _create
    self.do_handshake()
  File "/commons/conda/dsls/lib/python3.10/ssl.py", line 1342, in do_handshake
    self._sslobj.do_handshake()
ssl.SSLError: [SSL: SSLV3_ALERT_HANDSHAKE_FAILURE] sslv3 alert handshake failure (_ssl.c:997)

During handling of the above exception, another exception occurred:

Traceback (most recent call last):
  File "/commons/conda/dsls/lib/python3.10/site-packages/requests/adapters.py", line 489, in send
    resp = conn.urlopen(
  File "/commons/conda/dsls/lib/python3.10/site-packages/urllib3/connectionpool.py", line 787, in urlopen
    retries = retries.increment(
  File "/commons/conda/dsls/lib/python3.10/site-packages/urllib3/util/retry.py", line 592, in increment
    raise MaxRetryError(_pool, url, error or ResponseError(cause))
urllib3.exceptions.MaxRetryError: HTTPSConnectionPool(host='www.lekkerensimpel.com', port=443): Max retrie
s exceeded with url: /ontbijtrecepten/page/1/ (Caused by SSLError(SSLError(1, '[SSL: SSLV3_ALERT_HANDSHAKE
_FAILURE] sslv3 alert handshake failure (_ssl.c:997)')))

During handling of the above exception, another exception occurred:

Traceback (most recent call last):
  File "/homes/jjmenzinga/Documents/GitHub/Fine-Bakery/recipe_scraper/ls_main.py", line 15, in <module>
    main()
  File "/homes/jjmenzinga/Documents/GitHub/Fine-Bakery/recipe_scraper/ls_main.py", line 8, in main
    l_s_scraper.get_recipes()
  File "/homes/jjmenzinga/Documents/GitHub/Fine-Bakery/recipe_scraper/lekker_simpel_scraperV2.py", line 34
, in get_recipes
    html = requests.get(page_url)
  File "/commons/conda/dsls/lib/python3.10/site-packages/requests/api.py", line 73, in get
    return request("get", url, params=params, **kwargs)
  File "/commons/conda/dsls/lib/python3.10/site-packages/requests/api.py", line 59, in request
    return session.request(method=method, url=url, **kwargs)
  File "/commons/conda/dsls/lib/python3.10/site-packages/requests/sessions.py", line 587, in request
    resp = self.send(prep, **send_kwargs)
  File "/commons/conda/dsls/lib/python3.10/site-packages/requests/sessions.py", line 701, in send
    r = adapter.send(request, **kwargs)
  File "/commons/conda/dsls/lib/python3.10/site-packages/requests/adapters.py", line 563, in send
    raise SSLError(e, request=request)
requests.exceptions.SSLError: HTTPSConnectionPool(host='www.lekkerensimpel.com', port=443): Max retries ex
ceeded with url: /ontbijtrecepten/page/1/ (Caused by SSLError(SSLError(1, '[SSL: SSLV3_ALERT_HANDSHAKE_FAI
LURE] sslv3 alert handshake failure (_ssl.c:997)')))
(/commons/conda/dsls) jjmenzinga@nuc407 [~/Documents/GitHub/Fine-Bakery/recipe_scraper]$ tmux capture-pane
 -S -

