Page 569
Page 570
Page 571
Page 572
Page 573
Page 574
Page 575
Page 576
Page 577
Page 578
Page 579
Page 580
Page 581
Page 582
Page 583
Page 584
Page 585
Page 586
Page 587
Page 588
Page 589
Page 590
Page 591
Page 592
Page 593
Page 594
Page 595
Page 596
Page 597
Page 598
Page 599
Page 600
Page 601
Page 602
Page 603
Page 604
Page 605
Page 606
Page 607
Page 608
Page 609
Page 610
Page 611
Page 612
Page 613
Page 614
Page 615
Page 616
Page 617
Page 618
Page 619
Page 620
Page 621
Page 622
Page 623
Page 624
Page 625
Page 626
Page 627
Page 628
Page 629
Page 630
Page 631
Page 632
Page 633
Page 634
Page 635
Page 636
Page 637
Page 638
Page 639
Page 640
Page 641
Page 642
Page 643
Page 644
Page 645
Page 646
Page 647
Page 648
Page 649
Page 650
Page 651
Page 652
Page 653
Page 654
Page 655
Page 656
Page 657
Page 658
Page 659
Page 660
Page 661
Page 662
Page 663
Page 664
Page 665
Page 666
Page 667
Page 668
Page 669
Page 670
Page 671
Page 672
Page 673
Page 674
Page 675
Page 676
Page 677
Page 678
Page 679
Page 680
Page 681
Page 682
Page 683
Page 684
Page 685
Page 686
Page 687
Page 688
Page 689
Page 690
Page 691
Page 692
Page 693
Page 694
Page 695
Page 696
Page 697
Page 698
Page 699
Page 700
Page 701
Page 702
Page 703
Page 704
Page 705
Page 706
Page 707
Page 708
Page 709
Page 710
Page 711
Page 712
Page 713
Page 714
Page 715
Page 716
Page 717
Page 718
Page 719
Page 720
Page 721
Page 722
Page 723
Page 724
Page 725
Page 726
Page 727
Page 728
Page 729
Page 730
Page 731
Page 732
Page 733
Page 734
Page 735
Page 736
Page 737
Page 738
Page 739
Page 740
Page 741
Page 742
Page 743
Page 744
Page 745
Page 746
Page 747
Page 748
Page 749
Page 750
Page 751
Page 752
Page 753
Page 754
Page 755
Page 756
Page 757
Page 758
Page 759
Page 760
Page 761
Page 762
Page 763
Page 764
Page 765
Page 766
Page 767
Page 768
Page 769
Page 770
Page 771
Page 772
Page 773
Page 774
Page 775
Page 776
Page 777
Page 778
Page 779
Page 780
Page 781
Page 782
Page 783
Page 784
Page 785
Page 786
Page 787
Page 788
Page 789
Page 790
Page 791
Page 792
Page 793
Page 794
Page 795
Page 796
Page 797
Page 798
Page 799
Page 800
Page 801
Page 802
Page 803
Page 804
Page 805
Page 806
Page 807
Page 808
Page 809
Page 810
Page 811
Page 812
Page 813
Page 814
Page 815
Page 816
Page 817
Page 818
Page 819
Page 820
Page 821
Page 822
Page 823
Page 824
Page 825
Page 826
Page 827
Page 828
Page 829
Page 830
Page 831
Page 832
Page 833
Page 834
Page 835
Page 836
Page 837
Page 838
Page 839
Page 840
Page 841
Page 842
Page 843
Page 844
Page 845
Page 846
Page 847
Page 848
Page 849
Page 850
Page 851
Page 852
Page 853
Page 854
Page 855
Page 856
Page 857
Page 858
Page 859
Page 860
Page 861
Page 862
Page 863
Page 864
Page 865
Page 866
Page 867
Page 868
Page 869
Page 870
Page 871
Page 872
Page 873
Page 874
Page 875
Page 876
Page 877
Page 878
Page 879
Page 880
Page 881
Page 882
Page 883
Page 884
Page 885
Page 886
Page 887
Page 888
Page 889
Page 890
Page 891
Page 892
Page 893
Page 894
Page 895
Page 896
Page 897
Page 898
Page 899
Page 900
Page 901
Page 902
Page 903
Page 904
Page 905
Page 906
Page 907
Page 908
Page 909
Page 910
Page 911
Page 912
Page 913
Page 914
Page 915
Page 916
Page 917
Page 918
Page 919
Page 920
Page 921
Page 922
Page 923
Page 924
Page 925
Page 926
Page 927
Page 928
Page 929
Page 930
Page 931
Page 932
Page 933
Page 934
Page 935
Page 936
Page 937
Page 938
Page 939
Page 940
Page 941
Page 942
Page 943
Page 944
Page 945
Page 946
Page 947
Page 948
Page 949
Page 950
Page 951
Page 952
Page 953
Page 954
Page 955
Page 956
Page 957
Page 958
Page 959
Page 960
Page 961
Page 962
Page 963
Page 964
Page 965
Page 966
Page 967
Page 968
Page 969
Page 970
Page 971
Page 972
Page 973
Page 974
Page 975
Page 976
Page 977
Page 978
Page 979
Page 980
Page 981
Page 982
Page 983
Page 984
Page 985
Page 986
Page 987
Page 988
Page 989
Page 990
Page 991
Page 992
Page 993
Page 994
Page 995
Page 996
Page 997
Page 998
Page 999
Page 1000
Page 1001
Page 1002
Page 1003
Page 1004
Page 1005
Page 1006
Page 1007
Page 1008
Page 1009
Page 1010
Page 1011
Page 1012
Page 1013
Page 1014
Page 1015
Page 1016
Page 1017
Page 1018
Page 1019
Page 1020
Page 1021
Page 1022
Page 1023
Page 1024
Page 1025
Page 1026
Page 1027
Page 1028
Page 1029
Page 1030
Page 1031
Page 1032
Page 1033
Page 1034
Page 1035
Page 1036
Page 1037
Page 1038
Page 1039
Page 1040
Page 1041
Page 1042
Page 1043
Page 1044
Page 1045
Page 1046
Page 1047
Page 1048
Page 1049
Page 1050
Page 1051
Page 1052
Page 1053
Page 1054
Page 1055
Page 1056
Page 1057
Page 1058
Page 1059
Page 1060
Page 1061
Page 1062
Page 1063
Page 1064
Page 1065
Page 1066
Page 1067
Page 1068
Page 1069
Page 1070
Page 1071
Page 1072
Page 1073
Page 1074
Page 1075
Page 1076
Page 1077
Page 1078
Page 1079
Page 1080
Page 1081
Page 1082
Page 1083
Page 1084
Page 1085
Page 1086
Page 1087
Page 1088
Page 1089
Page 1090
Page 1091
Page 1092
Page 1093
Page 1094
Page 1095
Page 1096
Page 1097
Page 1098
Page 1099
Page 1100
Page 1101
Page 1102
Page 1103
Page 1104
Page 1105
Page 1106
Page 1107
Page 1108
Page 1109
Page 1110
Page 1111
Page 1112
Page 1113
Page 1114
Page 1115
Page 1116
Page 1117
Page 1118
Page 1119
Page 1120
Page 1121
Page 1122
Page 1123
Page 1124
Page 1125
Page 1126
Page 1127
Page 1128
Page 1129
Page 1130
Page 1131
Page 1132
Page 1133
Page 1134
Page 1135
Page 1136
Page 1137
Page 1138
Page 1139
Page 1140
Page 1141
Page 1142
Page 1143
Page 1144
Page 1145
Page 1146
Page 1147
Page 1148
Page 1149
Page 1150
Page 1151
Page 1152
Page 1153
Page 1154
Page 1155
Page 1156
Page 1157
Page 1158
Page 1159
Page 1160
Page 1161
Page 1162
Page 1163
Page 1164
Page 1165
Page 1166
Page 1167
Page 1168
Page 1169
Page 1170
Page 1171
Page 1172
Page 1173
Page 1174
Page 1175
Page 1176
Page 1177
Page 1178
Page 1179
Page 1180
Page 1181
Page 1182
Page 1183
Page 1184
Page 1185
Page 1186
Page 1187
Page 1188
Page 1189
Page 1190
Page 1191
Page 1192
Page 1193
Page 1194
Page 1195
Page 1196
Page 1197
Page 1198
Page 1199
Page 1200
Page 1201
Page 1202
Page 1203
Page 1204
Page 1205
Page 1206
Page 1207
Page 1208
Page 1209
Page 1210
Page 1211
Page 1212
Page 1213
Page 1214
Page 1215
Page 1216
Page 1217
Page 1218
Page 1219
Page 1220
Page 1221
Page 1222
Page 1223
Page 1224
Page 1225
Page 1226
Page 1227
Page 1228
Page 1229
Page 1230
Page 1231
Page 1232
Page 1233
Page 1234
Page 1235
Page 1236
Page 1237
Page 1238
Page 1239
Page 1240
Page 1241
Page 1242
Page 1243
Page 1244
Page 1245
Page 1246
Page 1247
Page 1248
Page 1249
Page 1250
Page 1251
Page 1252
Page 1253
Page 1254
Page 1255
Page 1256
Page 1257
Page 1258
Page 1259
Page 1260
Page 1261
Page 1262
Page 1263
Page 1264
Page 1265
Page 1266
Page 1267
Page 1268
Page 1269
Page 1270
Page 1271
Page 1272
Page 1273
Page 1274
Page 1275
Page 1276
Page 1277
Page 1278
Page 1279
Page 1280
Page 1281
Page 1282
Page 1283
Page 1284
Page 1285
Page 1286
Page 1287
Page 1288
Page 1289
Page 1290
Page 1291
Page 1292
Page 1293
Page 1294
Page 1295
Page 1296
Page 1297
Page 1298
Page 1299
Page 1300
Page 1301
Page 1302
Page 1303
Page 1304
Page 1305
Page 1306
Page 1307
Page 1308
Page 1309
Page 1310
Page 1311
Page 1312
Page 1313
Page 1314
Page 1315
Page 1316
Page 1317
Page 1318
Page 1319
Page 1320
Page 1321
Page 1322
Page 1323
Page 1324
Page 1325
Page 1326
Page 1327
Page 1328
Page 1329
Page 1330
Page 1331
Page 1332
Page 1333
Page 1334
Page 1335
Page 1336
Page 1337
Page 1338
Page 1339
Page 1340
Page 1341
Page 1342
Page 1343
Page 1344
Page 1345
Page 1346
Page 1347
Page 1348
Page 1349
Page 1350
Page 1351
Page 1352
Page 1353
Page 1354
Page 1355
Page 1356
Page 1357
Page 1358
Page 1359
Page 1360
Page 1361
Page 1362
Page 1363
Page 1364
Page 1365
Page 1366
Page 1367
Page 1368
Page 1369
Page 1370
Page 1371
Page 1372
Page 1373
Page 1374
Page 1375
Page 1376
Page 1377
Page 1378
Page 1379
Page 1380
Page 1381
Page 1382
Page 1383
Page 1384
Page 1385
Page 1386
Page 1387
Page 1388
Page 1389
Page 1390
Page 1391
Page 1392
Page 1393
Page 1394
Page 1395
Page 1396
Page 1397
Page 1398
Page 1399
Page 1400
Page 1401
Page 1402
Page 1403
Page 1404
Page 1405
Page 1406
Page 1407
Page 1408
Page 1409
Page 1410
Page 1411
Page 1412
Page 1413
Page 1414
Page 1415
Page 1416
Page 1417
Page 1418
Page 1419
Page 1420
Page 1421
Page 1422
Page 1423
Page 1424
Page 1425
Page 1426
Page 1427
Page 1428
Page 1429
Page 1430
Page 1431
Page 1432
Page 1433
Page 1434
Page 1435
Page 1436
Page 1437
Page 1438
Page 1439
Page 1440
Page 1441
Page 1442
Page 1443
Page 1444
Page 1445
Page 1446
Page 1447
Page 1448
Page 1449
Page 1450
Page 1451
Page 1452
Page 1453
Page 1454
Page 1455
Page 1456
Page 1457
Page 1458
Page 1459
Page 1460
Page 1461
Page 1462
Page 1463
Page 1464
Page 1465
Page 1466
Page 1467
Page 1468
Page 1469
Page 1470
Page 1471
Page 1472
Page 1473
Page 1474
Page 1475
Page 1476
Page 1477
Page 1478
Page 1479
Page 1480
Page 1481
Page 1482
Page 1483
Page 1484
Page 1485
Page 1486
Page 1487
Page 1488
Page 1489
Page 1490
Page 1491
Page 1492
Page 1493
Page 1494
Page 1495
Page 1496
Page 1497
Page 1498
Page 1499
Page 1500
Page 1501
Page 1502
Page 1503
Page 1504
Page 1505
Page 1506
Page 1507
Page 1508
Page 1509
Page 1510
Page 1511
Page 1512
Page 1513
Page 1514
Page 1515
Page 1516
Page 1517
Page 1518
Page 1519
Page 1520
Page 1521
Page 1522
Page 1523
Page 1524
Page 1525
Page 1526
Page 1527
Page 1528
Page 1529
Page 1530
Page 1531
Page 1532
Page 1533
Page 1534
Page 1535
Page 1536
Page 1537
Page 1538
Page 1539
Page 1540
Page 1541
Page 1542
Page 1543
Page 1544
Page 1545
Page 1546
Page 1547
Page 1548
Page 1549
Page 1550
Page 1551
Page 1552
Page 1553
Page 1554
Page 1555
Page 1556
Page 1557
Page 1558
Page 1559
Page 1560
Page 1561
Page 1562
Page 1563
Page 1564
Page 1565
Page 1566
Page 1567
Page 1568
Page 1569
Page 1570
Page 1571
Page 1572
Page 1573
Page 1574
Page 1575
Page 1576
Page 1577
Page 1578
Page 1579
Page 1580
Page 1581
Page 1582
Page 1583
Page 1584
Page 1585
Page 1586
Page 1587
Page 1588
Page 1589
Page 1590
Page 1591
Page 1592
Page 1593
Page 1594
Page 1595
Page 1596
Page 1597
Page 1598
Page 1599
Page 1600
Page 1601
Page 1602
Page 1603
Page 1604
Page 1605
Page 1606
Page 1607
Page 1608
Page 1609
Page 1610
Page 1611
Page 1612
Page 1613
Page 1614
Page 1615
Page 1616
Page 1617
Page 1618
Page 1619
Page 1620
Page 1621
Page 1622
Page 1623
Page 1624
Page 1625
Page 1626
Page 1627
Page 1628
Page 1629
Page 1630
Page 1631
Page 1632
Page 1633
Page 1634
Page 1635
Page 1636
Page 1637
Page 1638
Page 1639
Page 1640
Page 1641
Page 1642
Page 1643
Page 1644
Page 1645
Page 1646
Page 1647
Page 1648
Page 1649
Page 1650
Page 1651
Page 1652
Page 1653
Page 1654
Page 1655
Page 1656
Page 1657
Page 1658
Page 1659
Page 1660
Page 1661
Page 1662
Page 1663
Page 1664
Page 1665
Page 1666
Page 1667
Page 1668
Page 1669
Page 1670
Page 1671
Page 1672
Page 1673
Page 1674
Page 1675
Page 1676
Page 1677
Page 1678
Page 1679
Page 1680
Page 1681
Page 1682
Page 1683
Page 1684
Page 1685
Page 1686
Page 1687
Page 1688
Page 1689
Page 1690
Page 1691
Page 1692
Page 1693
Page 1694
Page 1695
Page 1696
Page 1697
Page 1698
Page 1699
Page 1700
Page 1701
Page 1702
Page 1703
Page 1704
Page 1705
Page 1706
Page 1707
Page 1708
Page 1709
Page 1710
Page 1711
Page 1712
Page 1713
Page 1714
Page 1715
Page 1716
Page 1717
Page 1718
Page 1719
Page 1720
Page 1721
Page 1722
Page 1723
Page 1724
Page 1725
Page 1726
Page 1727
Page 1728
Page 1729
Page 1730
Page 1731
Page 1732
Page 1733
Page 1734
Page 1735
Page 1736
Page 1737
Page 1738
Page 1739
Page 1740
Page 1741
Page 1742
Page 1743
Page 1744
Page 1745
Page 1746
Page 1747
Page 1748
Page 1749
Page 1750
Page 1751
Page 1752
Page 1753
Page 1754
Page 1755
Page 1756
Page 1757
Page 1758
Page 1759
Page 1760
Page 1761
Page 1762
Page 1763
Page 1764
Page 1765
Page 1766
Page 1767
Page 1768
Page 1769
Page 1770
Page 1771
Page 1772
Page 1773
Page 1774
Page 1775
Page 1776
Page 1777
Page 1778
Page 1779
Page 1780
Page 1781
Page 1782
Page 1783
Page 1784
Page 1785
Page 1786
Page 1787
Page 1788
Page 1789
Page 1790
Page 1791
Page 1792
Page 1793
Page 1794
Page 1795
Page 1796
Page 1797
Page 1798
Page 1799
Page 1800
Page 1801
Page 1802
Page 1803
Page 1804
Page 1805
Page 1806
Page 1807
Page 1808
Page 1809
Page 1810
Page 1811
Page 1812
Page 1813
Page 1814
Page 1815
Page 1816
Page 1817
Page 1818
Page 1819
Page 1820
Page 1821
Page 1822
Page 1823
Page 1824
Page 1825
Page 1826
Page 1827
Page 1828
Page 1829
Page 1830
Page 1831
Page 1832
Page 1833
Page 1834
Page 1835
Page 1836
Page 1837
Page 1838
Page 1839
Page 1840
Page 1841
Page 1842
Page 1843
Page 1844
Page 1845
Page 1846
Page 1847
Page 1848
Page 1849
Page 1850
Page 1851
Page 1852
Page 1853
Page 1854
Page 1855
Page 1856
Page 1857
Page 1858
Page 1859
Page 1860
Page 1861
Page 1862
Page 1863
Page 1864
Page 1865
Page 1866
Page 1867
Page 1868
Page 1869
Page 1870
Page 1871
Page 1872
Page 1873
Page 1874
Page 1875
Page 1876
Page 1877
Page 1878
Page 1879
Page 1880
Page 1881
Page 1882
Page 1883
Page 1884
Page 1885
Page 1886
Page 1887
Page 1888
Page 1889
Page 1890
Page 1891
Page 1892
Page 1893
Page 1894
Page 1895
Page 1896
Page 1897
Page 1898
Page 1899
Page 1900
Page 1901
Page 1902
Page 1903
Page 1904
Page 1905
Page 1906
Page 1907
Page 1908
Page 1909
Page 1910
Page 1911
Page 1912
Page 1913
Page 1914
Page 1915
Page 1916
Page 1917
Page 1918
Page 1919
Page 1920
Page 1921
Page 1922
Page 1923
Page 1924
Page 1925
Page 1926
Page 1927
Page 1928
Page 1929
Page 1930
Page 1931
Page 1932
Page 1933
Page 1934
Page 1935
Page 1936
Page 1937
Page 1938
Page 1939
Page 1940
Page 1941
Page 1942
Page 1943
Page 1944
Page 1945
Page 1946
Page 1947
Page 1948
Page 1949
Page 1950
Page 1951
Page 1952
Page 1953
Page 1954
Page 1955
Page 1956
Page 1957
Page 1958
Page 1959
Page 1960
Page 1961
Page 1962
Page 1963
Page 1964
Page 1965
Page 1966
Page 1967
Page 1968
Page 1969
Page 1970
Page 1971
Page 1972
Page 1973
Page 1974
Page 1975
Page 1976
Page 1977
Page 1978
Page 1979
Page 1980
Page 1981
Page 1982
Page 1983
Page 1984
Page 1985
Page 1986
Page 1987
Page 1988
Page 1989
Page 1990
Page 1991
Page 1992
Page 1993
Page 1994
Page 1995
Page 1996
Page 1997
Page 1998
Page 1999
Page 2000
Page 2001
Page 2002
Page 2003
Page 2004
Page 2005
Page 2006
Page 2007
Page 2008
Page 2009
Page 2010
Page 2011
Page 2012
Page 2013
Page 2014
Page 2015
Page 2016
Page 2017
Page 2018
Page 2019
Page 2020
Page 2021
Page 2022
Page 2023
Page 2024
Page 2025
Page 2026
Page 2027
Page 2028
Page 2029
Page 2030
Page 2031
Page 2032
Page 2033
Page 2034
Page 2035
Page 2036
Page 2037
Page 2038
Page 2039
Page 2040
Page 2041
Page 2042
Page 2043
Page 2044
Page 2045
Page 2046
Page 2047
Page 2048
Page 2049
Page 2050
Page 2051
Page 2052
Page 2053
Page 2054
Page 2055
Page 2056
Page 2057
Page 2058
Page 2059
Page 2060
Page 2061
Page 2062
Page 2063
Page 2064
Page 2065
Page 2066
Page 2067
Page 2068
Page 2069
Page 2070
Page 2071
Page 2072
Page 2073
Page 2074
Page 2075
Page 2076
Page 2077
Page 2078
Page 2079
Page 2080
Page 2081
Page 2082
Page 2083
Page 2084
Page 2085
Page 2086
Page 2087
Page 2088
Page 2089
Page 2090
Page 2091
Page 2092
Page 2093
Page 2094
Page 2095
Page 2096
Page 2097
Page 2098
Page 2099
Page 2100
Page 2101
Page 2102
Page 2103
Page 2104
Page 2105
Page 2106
Page 2107
Page 2108
Page 2109
Page 2110
Page 2111
Page 2112
Page 2113
Page 2114
Page 2115
Page 2116
Page 2117
Page 2118
Page 2119
Page 2120
Page 2121
Page 2122
Page 2123
Page 2124
Page 2125
Page 2126
Page 2127
Page 2128
Page 2129
Page 2130
Page 2131
Page 2132
Page 2133
Page 2134
Page 2135
Page 2136
Page 2137
Page 2138
Page 2139
Page 2140
Page 2141
Page 2142
Page 2143
Page 2144
Page 2145
Page 2146
Page 2147
Page 2148
Page 2149
Page 2150
Page 2151
Page 2152
Page 2153
Page 2154
Page 2155
Page 2156
Page 2157
Page 2158
Page 2159
Page 2160
Page 2161
Page 2162
Page 2163
Page 2164
Page 2165
Page 2166
Page 2167
Page 2168
Page 2169
Page 2170
Page 2171
Page 2172
Page 2173
Page 2174
Page 2175
Page 2176
Page 2177
Page 2178
Page 2179
Page 2180
Page 2181
Page 2182
Page 2183
Page 2184
Page 2185
Page 2186
Page 2187
Page 2188
Page 2189
Page 2190
Page 2191
Page 2192
Page 2193
Page 2194
Page 2195
Page 2196
Page 2197
Page 2198
Page 2199
Page 2200
Page 2201
Page 2202
Page 2203
Page 2204
Page 2205
Page 2206
Page 2207
Page 2208
Page 2209
Page 2210
Page 2211
Page 2212
Page 2213
Page 2214
Page 2215
Page 2216
Page 2217
Page 2218
Page 2219
Page 2220
Page 2221
Page 2222
Page 2223
Page 2224
Page 2225
Page 2226
Page 2227
Page 2228
Page 2229
Page 2230
Page 2231
Page 2232
Page 2233
Page 2234
Page 2235
Page 2236
Page 2237
Page 2238
Page 2239
Page 2240
Page 2241
Page 2242
Page 2243
Page 2244
Page 2245
Page 2246
Page 2247
Page 2248
Page 2249
Page 2250
Page 2251
Page 2252
Page 2253
Page 2254
Page 2255
Page 2256
Page 2257
Page 2258
Page 2259
Page 2260
Page 2261
Page 2262
Page 2263
Page 2264
Page 2265
Page 2266
Page 2267
Page 2268
Page 2269
Page 2270
Page 2271
Page 2272
Page 2273
Page 2274
Page 2275
Page 2276
Page 2277
Page 2278
Page 2279
Page 2280
Page 2281
Page 2282
Page 2283
Page 2284
Page 2285
Page 2286
Page 2287
Page 2288
Page 2289
Page 2290
Page 2291
Page 2292
Page 2293
Page 2294
Page 2295
Page 2296
Page 2297
Page 2298
Page 2299
Page 2300
Page 2301
Page 2302
Page 2303
Page 2304
Page 2305
Page 2306
Page 2307
Page 2308
Page 2309
Page 2310
Page 2311
Page 2312
Page 2313
Page 2314
Page 2315
Page 2316
Page 2317
Page 2318
Page 2319
Page 2320
Page 2321
Page 2322
Page 2323
Page 2324
Page 2325
Page 2326
Page 2327
Page 2328
Page 2329
Page 2330
Page 2331
Page 2332
Page 2333
Page 2334
Page 2335
Page 2336
Page 2337
Page 2338
Page 2339
Page 2340
Page 2341
Page 2342
Page 2343
Page 2344
Page 2345
Page 2346
Page 2347
Page 2348
Page 2349
Page 2350
Page 2351
Page 2352
Page 2353
Page 2354
Page 2355
Page 2356
Page 2357
Page 2358
Page 2359
Page 2360
Page 2361
Page 2362
Page 2363
Page 2364
Page 2365
Page 2366
Page 2367
Page 2368
Page 2369
Page 2370
Page 2371
Page 2372
Page 2373
Page 2374
Page 2375
Page 2376
Page 2377
Page 2378
Page 2379
Page 2380
Page 2381
Page 2382
Page 2383
Page 2384
Page 2385
Page 2386
Page 2387
Page 2388
Page 2389
Page 2390
Page 2391
Page 2392
Page 2393
Page 2394
Page 2395
Page 2396
Page 2397
Page 2398
Page 2399
Page 2400
Page 2401
Page 2402
Page 2403
Page 2404
Page 2405
Page 2406
Page 2407
Page 2408
Page 2409
Page 2410
Page 2411
Page 2412
Page 2413
Page 2414
Page 2415
Page 2416
Page 2417
Page 2418
Page 2419
Page 2420
Page 2421
Page 2422
Page 2423
Page 2424
Page 2425
Page 2426
Page 2427
Page 2428
Page 2429
Page 2430
Page 2431
Page 2432
Page 2433
Page 2434
Page 2435
Page 2436
Page 2437
Page 2438
Page 2439
Page 2440
Page 2441
Page 2442
Page 2443
Page 2444
Page 2445
Page 2446
Page 2447
Page 2448
Page 2449
Page 2450
Page 2451
Page 2452
Page 2453
Page 2454
Page 2455
Page 2456
Page 2457
Page 2458
Page 2459
Page 2460
Page 2461
Page 2462
Page 2463
Page 2464
Page 2465
Page 2466
Page 2467
Page 2468
Page 2469
Page 2470
Page 2471
Page 2472
Page 2473
Page 2474
Page 2475
Page 2476
Page 2477
Page 2478
Page 2479
Page 2480
Page 2481
Page 2482
Page 2483
Page 2484
Page 2485
Page 2486
Page 2487
Page 2488
Page 2489
Page 2490
Page 2491
Page 2492
Page 2493
Page 2494
Page 2495
Page 2496
Page 2497
Page 2498
Page 2499
Page 2500
Page 2501
Page 2502
Page 2503
Page 2504
Page 2505
Page 2506
Page 2507
Page 2508
Page 2509
Page 2510
Page 2511
Traceback (most recent call last):
  File "/commons/conda/dsls/lib/python3.10/site-packages/urllib3/connection.py", line 174, in _new_conn
    conn = connection.create_connection(
  File "/commons/conda/dsls/lib/python3.10/site-packages/urllib3/util/connection.py", line 72, in create
_connection
    for res in socket.getaddrinfo(host, port, family, socket.SOCK_STREAM):
  File "/commons/conda/dsls/lib/python3.10/socket.py", line 955, in getaddrinfo
    for res in _socket.getaddrinfo(host, port, family, type, proto, flags):
socket.gaierror: [Errno -2] Name or service not known

During handling of the above exception, another exception occurred:

Traceback (most recent call last):
  File "/commons/conda/dsls/lib/python3.10/site-packages/urllib3/connectionpool.py", line 703, in urlope
n
    httplib_response = self._make_request(
  File "/commons/conda/dsls/lib/python3.10/site-packages/urllib3/connectionpool.py", line 386, in _make_
request
    self._validate_conn(conn)
  File "/commons/conda/dsls/lib/python3.10/site-packages/urllib3/connectionpool.py", line 1042, in _vali
date_conn
    conn.connect()
  File "/commons/conda/dsls/lib/python3.10/site-packages/urllib3/connection.py", line 358, in connect
    self.sock = conn = self._new_conn()
  File "/commons/conda/dsls/lib/python3.10/site-packages/urllib3/connection.py", line 186, in _new_conn
    raise NewConnectionError(
urllib3.exceptions.NewConnectionError: <urllib3.connection.HTTPSConnection object at 0x7fc46c92c910>: Fa
iled to establish a new connection: [Errno -2] Name or service not known

During handling of the above exception, another exception occurred:

Traceback (most recent call last):
  File "/commons/conda/dsls/lib/python3.10/site-packages/requests/adapters.py", line 489, in send
    resp = conn.urlopen(
  File "/commons/conda/dsls/lib/python3.10/site-packages/urllib3/connectionpool.py", line 787, in urlope
n
    retries = retries.increment(
  File "/commons/conda/dsls/lib/python3.10/site-packages/urllib3/util/retry.py", line 592, in increment
    raise MaxRetryError(_pool, url, error or ResponseError(cause))
urllib3.exceptions.MaxRetryError: HTTPSConnectionPool(host='www.smulweb.nl', port=443): Max retries exce
eded with url: /recepten?page=2511 (Caused by NewConnectionError('<urllib3.connection.HTTPSConnection ob
ject at 0x7fc46c92c910>: Failed to establish a new connection: [Errno -2] Name or service not known'))

During handling of the above exception, another exception occurred:

Traceback (most recent call last):
  File "/homes/jjmenzinga/Documents/GitHub/Fine-Bakery/recipe_scraper/smulweb_main.py", line 15, in <mod
ule>
    main()
  File "/homes/jjmenzinga/Documents/GitHub/Fine-Bakery/recipe_scraper/smulweb_main.py", line 7, in main
    smull_scraper.get_numbers()
  File "/homes/jjmenzinga/Documents/GitHub/Fine-Bakery/recipe_scraper/smulweb_scraper.py", line 29, in g
et_numbers

  File "/commons/conda/dsls/lib/python3.10/site-packages/requests/api.py", line 73, in get
    return request("get", url, params=params, **kwargs)
  File "/commons/conda/dsls/lib/python3.10/site-packages/requests/api.py", line 59, in request
    return session.request(method=method, url=url, **kwargs)
  File "/commons/conda/dsls/lib/python3.10/site-packages/requests/sessions.py", line 587, in request
    resp = self.send(prep, **send_kwargs)
  File "/commons/conda/dsls/lib/python3.10/site-packages/requests/sessions.py", line 701, in send
    r = adapter.send(request, **kwargs)
  File "/commons/conda/dsls/lib/python3.10/site-packages/requests/adapters.py", line 565, in send
    raise ConnectionError(e, request=request)
requests.exceptions.ConnectionError: HTTPSConnectionPool(host='www.smulweb.nl', port=443): Max retries e
xceeded with url: /recepten?page=2511 (Caused by NewConnectionError('<urllib3.connection.HTTPSConnection
 object at 0x7fc46c92c910>: Failed to establish a new connection: [Errno -2] Name or service not known')
)
(/commons/conda/dsls) jjmenzinga@nuc407 [~/Documents/GitHub/Fine-Bakery/recipe_scraper]$ tmux capture-pa
ne -S -

